
################################################################################

 PACKMOL - Packing optimization for the automated generation of
 starting configurations for molecular dynamics simulations.
 
                                                              Version 20.010 

################################################################################

  Packmol must be run with: packmol < inputfile.inp 

  Userguide at: http://m3g.iqm.unicamp.br/packmol 

  Reading input file... (Control-C aborts)
  Seed for random number generator:         7210
  Output file: im1h_oac_150_im1_hoac_350_init.pdb
  Reading coordinate file: ./toppar/im1h_min.pdb
  Reading coordinate file: ./toppar/oac_min.pdb
  Reading coordinate file: ./toppar/im1_min.pdb
  Reading coordinate file: ./toppar/hoac_min.pdb
  Number of independent structures:            4
  The structures are: 
  Structure            1 :./toppar/im1h_min.pdb(          19  atoms)
  Structure            2 :./toppar/oac_min.pdb(          16  atoms)
  Structure            3 :./toppar/im1_min.pdb(          19  atoms)
  Structure            4 :./toppar/hoac_min.pdb(          16  atoms)
  Maximum number of GENCAN loops for all molecule packing:          800
  Total number of restrictions:            4
  Distance tolerance:    2.0000000000000000     
  Warning: Type of residue numbering not set for structure            1
  Residue numbering set for structure            1 :           0
  Swap chains of molecules of structure            1 : F
  Warning: Type of residue numbering not set for structure            2
  Residue numbering set for structure            2 :           0
  Swap chains of molecules of structure            2 : F
  Warning: Type of residue numbering not set for structure            3
  Residue numbering set for structure            3 :           0
  Swap chains of molecules of structure            3 : F
  Warning: Type of residue numbering not set for structure            4
  Residue numbering set for structure            4 :           0
  Swap chains of molecules of structure            4 : F
  Number of molecules of type            1 :          150
  Number of molecules of type            2 :          150
  Number of molecules of type            3 :          350
  Number of molecules of type            4 :          350
  Total number of atoms:        17500
  Total number of molecules:         1000
  Number of fixed molecules:            0
  Number of free molecules:         1000
  Number of variables:         6000
  Total number of fixed atoms:            0
  Maximum internal distance of type            1 :    5.2066761950403642     
  Maximum internal distance of type            2 :    4.0230497138365067     
  Maximum internal distance of type            3 :    5.2066761950403642     
  Maximum internal distance of type            4 :    4.0230497138365067     
  All atoms must be within these coordinates: 
   x: [   -1000.0000000000000      ,    1000.0000000000000       ] 
   y: [   -1000.0000000000000      ,    1000.0000000000000       ] 
   z: [   -1000.0000000000000      ,    1000.0000000000000       ] 
  If the system is larger than this, increase the sidemax parameter. 

################################################################################

  Building initial approximation ... 

################################################################################

  Adjusting initial point to fit the constraints 

--------------------------------------------------------------------------------

--------------------------------------------------------------------------------

  Molecules of type:            1

  Packing:|0                                                             100%|
          |******************************************************************|
          |**************

  Restraint-only function value:    1.3546629402295786E-004
  Maximum violation of the restraints:    8.7410652225560851E-005

--------------------------------------------------------------------------------

  Molecules of type:            2

  Packing:|0                                                             100%|
          |******************************************************************|


  Restraint-only function value:    7.7556112555558516E-003
  Maximum violation of the restraints:    5.8681105928028504E-003

--------------------------------------------------------------------------------

  Molecules of type:            3

  Packing:|0                                                             100%|
          |******************************************************************|
          |*************************************************

  Restraint-only function value:    9.5821942508896949E-003
  Maximum violation of the restraints:    8.5467781291542703E-003

--------------------------------------------------------------------------------

  Molecules of type:            4

  Packing:|0                                                             100%|
          |********************************************************

  Restraint-only function value:    5.5472943302406581E-003
  Maximum violation of the restraints:    3.6070188056091181E-003

--------------------------------------------------------------------------------

  Rescaling maximum and minimum coordinates... 
  Computing size of patches... 
  Add fixed molecules to permanent arrays... 
  Reseting center of mass... 

--------------------------------------------------------------------------------

  Setting initial trial coordinates ... 

--------------------------------------------------------------------------------

--------------------------------------------------------------------------------

  Molecules of type:            1
  Adjusting random positions to fit the constraints. 
  Packing:|0                                                             100%|
          |*******
  Restraint-only function value:    0.0000000000000000     
  Maximum violation of the restraints:    0.0000000000000000     

--------------------------------------------------------------------------------

  Molecules of type:            2
  Adjusting random positions to fit the constraints. 
  Packing:|0                                                             100%|
          |*******
  Restraint-only function value:    7.3039793483800682E-003
  Maximum violation of the restraints:    3.7906845959133589E-003

--------------------------------------------------------------------------------

  Molecules of type:            3
  Adjusting random positions to fit the constraints. 
  Packing:|0                                                             100%|
          |*******
  Restraint-only function value:    3.6912205716660548E-004
  Maximum violation of the restraints:    3.6912205716660548E-004

--------------------------------------------------------------------------------

  Molecules of type:            4
  Adjusting random positions to fit the constraints. 
  Packing:|0                                                             100%|
          |*******
  Restraint-only function value:    0.0000000000000000     
  Maximum violation of the restraints:    0.0000000000000000     

################################################################################

  Objective function at initial point:    188425.98426025151     

################################################################################

  Packing molecules of type:            1

################################################################################


--------------------------------------------------------------------------------

  Starting GENCAN loop:            0
  Scaling radii by:    1.1000000000000001     

  Packing:|0                                                             100%|
          |********************************************************

  Function value from last GENCAN loop: f = .00000E+00
  Best function value before: f = .70099E+04
  Improvement from best function value:    99.99 %
  Improvement from last loop:    99.99 %
  Maximum violation of target distance:     0.000000
  Maximum violation of the constraints: .00000E+00
  Current structure written to file: im1h_oac_150_im1_hoac_350_init.pdb
--------------------------------------------------------------------------------
  Packing solved for molecules of type           1
  Objective function value:    0.0000000000000000     
  Maximum violation of target distance:    0.0000000000000000     
  Max. constraint violation:    0.0000000000000000     
--------------------------------------------------------------------------------

################################################################################

  Packing molecules of type:            2

################################################################################


--------------------------------------------------------------------------------

  Starting GENCAN loop:            0
  Scaling radii by:    1.1000000000000001     

  Packing:|0                                                             100%|
          |***********************************

  Function value from last GENCAN loop: f = .36786E-03
  Best function value before: f = .22380E+04
  Improvement from best function value:    99.99 %
  Improvement from last loop:    99.99 %
  Maximum violation of target distance:     0.000000
  Maximum violation of the constraints: .36786E-03
  Current structure written to file: im1h_oac_150_im1_hoac_350_init.pdb
--------------------------------------------------------------------------------
  Packing solved for molecules of type           2
  Objective function value:    3.6786409419584706E-004
  Maximum violation of target distance:    0.0000000000000000     
  Max. constraint violation:    3.6786409419584706E-004
--------------------------------------------------------------------------------

################################################################################

  Packing molecules of type:            3

################################################################################


--------------------------------------------------------------------------------

  Starting GENCAN loop:            0
  Scaling radii by:    1.1000000000000001     

  Packing:|0                                                             100%|
          |******************************************************************|
          |******************************************************************|

  Function value from last GENCAN loop: f = .47107E+00
  Best function value before: f = .27304E+05
  Improvement from best function value:    99.99 %
  Improvement from last loop:    99.99 %
  Maximum violation of target distance:     0.165845
  Maximum violation of the constraints: .87254E-01
  All-type function value: .14758E+06

--------------------------------------------------------------------------------


--------------------------------------------------------------------------------

  Starting GENCAN loop:            1
  Scaling radii by:    1.1000000000000001     

  Packing:|0                                                             100%|
          |****************************

  Function value from last GENCAN loop: f = .15378E-01
  Best function value before: f = .47107E+00
  Improvement from best function value:    96.74 %
  Improvement from last loop:    96.74 %
  Maximum violation of target distance:     0.000000
  Maximum violation of the constraints: .76494E-02
  Current structure written to file: im1h_oac_150_im1_hoac_350_init.pdb
--------------------------------------------------------------------------------
  Packing solved for molecules of type           3
  Objective function value:    1.5378197498615350E-002
  Maximum violation of target distance:    0.0000000000000000     
  Max. constraint violation:    7.6494261846415876E-003
--------------------------------------------------------------------------------

################################################################################

  Packing molecules of type:            4

################################################################################


--------------------------------------------------------------------------------

  Starting GENCAN loop:            0
  Scaling radii by:    1.1000000000000001     

  Packing:|0                                                             100%|
          |******************************************************************|


  Function value from last GENCAN loop: f = .37547E-03
  Best function value before: f = .15365E+05
  Improvement from best function value:    99.99 %
  Improvement from last loop:    99.99 %
  Maximum violation of target distance:     0.000000
  Maximum violation of the constraints: .27596E-03
  Current structure written to file: im1h_oac_150_im1_hoac_350_init.pdb
--------------------------------------------------------------------------------
  Packing solved for molecules of type           4
  Objective function value:    3.7546756340378542E-004
  Maximum violation of target distance:    0.0000000000000000     
  Max. constraint violation:    2.7595675815028105E-004
--------------------------------------------------------------------------------

################################################################################

  Packing all molecules together 

################################################################################


--------------------------------------------------------------------------------

  Starting GENCAN loop:            0
  Scaling radii by:    1.1000000000000001     

  Packing:|0                                                             100%|
          |******************************************************************|
          |******************************************************************|

  Function value from last GENCAN loop: f = .20453E+03
  Best function value before: f = .12924E+06
  Improvement from best function value:    99.84 %
  Improvement from last loop:    99.84 %
  Maximum violation of target distance:     2.121938
  Maximum violation of the constraints: .52272E+01

--------------------------------------------------------------------------------


--------------------------------------------------------------------------------

  Starting GENCAN loop:            1
  Scaling radii by:    1.1000000000000001     

  Packing:|0                                                             100%|
          |******************************************************************|
          |******************************************************************|

  Function value from last GENCAN loop: f = .37594E+02
  Best function value before: f = .20453E+03
  Improvement from best function value:    81.62 %
  Improvement from last loop:    81.62 %
  Maximum violation of target distance:     0.783414
  Maximum violation of the constraints: .14766E+01

--------------------------------------------------------------------------------


--------------------------------------------------------------------------------

  Starting GENCAN loop:            2
  Scaling radii by:    1.1000000000000001     

  Packing:|0                                                             100%|
          |******************************************************************|
          |******************************************************************|

  Function value from last GENCAN loop: f = .38173E+01
  Best function value before: f = .37594E+02
  Improvement from best function value:    89.85 %
  Improvement from last loop:    89.85 %
  Maximum violation of target distance:     0.000000
  Maximum violation of the constraints: .52143E+00

--------------------------------------------------------------------------------


--------------------------------------------------------------------------------

  Starting GENCAN loop:            3
  Scaling radii by:    1.1000000000000001     

  Packing:|0                                                             100%|
          |******************************************************************|
          |******************************************************************|

  Function value from last GENCAN loop: f = .48702E+00
  Best function value before: f = .38173E+01
  Improvement from best function value:    87.24 %
  Improvement from last loop:    87.24 %
  Maximum violation of target distance:     0.000000
  Maximum violation of the constraints: .13842E+00

--------------------------------------------------------------------------------


--------------------------------------------------------------------------------

  Starting GENCAN loop:            4
  Scaling radii by:    1.1000000000000001     

  Packing:|0                                                             100%|
          |******************************************************************|
          |******************************************************************|

  Function value from last GENCAN loop: f = .52973E-01
  Best function value before: f = .48702E+00
  Improvement from best function value:    89.12 %
  Improvement from last loop:    89.12 %
  Maximum violation of target distance:     0.000000
  Maximum violation of the constraints: .17875E-01

--------------------------------------------------------------------------------


--------------------------------------------------------------------------------

  Starting GENCAN loop:            5
  Scaling radii by:    1.1000000000000001     

  Packing:|0                                                             100%|
          |*********************

  Function value from last GENCAN loop: f = .29193E-01
  Best function value before: f = .52973E-01
  Improvement from best function value:    44.89 %
  Improvement from last loop:    44.89 %
  Maximum violation of target distance:     0.000000
  Maximum violation of the constraints: .87729E-02

################################################################################

                                 Success! 
              Final objective function value: .29193E-01
              Maximum violation of target distance:   0.000000
              Maximum violation of the constraints: .87729E-02

--------------------------------------------------------------------------------

              Please cite this work if Packmol was useful: 

           L. Martinez, R. Andrade, E. G. Birgin, J. M. Martinez, 
         PACKMOL: A package for building initial configurations for
                   molecular dynamics simulations. 
          Journal of Computational Chemistry, 30:2157-2164,2009.

################################################################################

  Solution written to file: im1h_oac_150_im1_hoac_350_init.pdb

--------------------------------------------------------------------------------

   Running time:    12.1080008      seconds. 

--------------------------------------------------------------------------------


