
################################################################################

 PACKMOL - Packing optimization for the automated generation of
 starting configurations for molecular dynamics simulations.
 
                                                              Version 20.010 

################################################################################

  Packmol must be run with: packmol < inputfile.inp 

  Userguide at: http://m3g.iqm.unicamp.br/packmol 

  Reading input file... (Control-C aborts)
  Seed for random number generator:        13099
  Output file: im1h_oac_150_im1_hoac_350_init.pdb
  Reading coordinate file: ./toppar/im1h_min.pdb
  Reading coordinate file: ./toppar/oac_min.pdb
  Reading coordinate file: ./toppar/im1_min.pdb
  Reading coordinate file: ./toppar/hoac_min.pdb
  Number of independent structures:            4
  The structures are: 
  Structure            1 :./toppar/im1h_min.pdb(          19  atoms)
  Structure            2 :./toppar/oac_min.pdb(          16  atoms)
  Structure            3 :./toppar/im1_min.pdb(          19  atoms)
  Structure            4 :./toppar/hoac_min.pdb(          16  atoms)
  Maximum number of GENCAN loops for all molecule packing:          800
  Total number of restrictions:            4
  Distance tolerance:    2.0000000000000000     
  Warning: Type of residue numbering not set for structure            1
  Residue numbering set for structure            1 :           0
  Swap chains of molecules of structure            1 : F
  Warning: Type of residue numbering not set for structure            2
  Residue numbering set for structure            2 :           0
  Swap chains of molecules of structure            2 : F
  Warning: Type of residue numbering not set for structure            3
  Residue numbering set for structure            3 :           0
  Swap chains of molecules of structure            3 : F
  Warning: Type of residue numbering not set for structure            4
  Residue numbering set for structure            4 :           0
  Swap chains of molecules of structure            4 : F
  Number of molecules of type            1 :          150
  Number of molecules of type            2 :          150
  Number of molecules of type            3 :          350
  Number of molecules of type            4 :          350
  Total number of atoms:        17500
  Total number of molecules:         1000
  Number of fixed molecules:            0
  Number of free molecules:         1000
  Number of variables:         6000
  Total number of fixed atoms:            0
  Maximum internal distance of type            1 :    5.2066761950403642     
  Maximum internal distance of type            2 :    4.0230497138365067     
  Maximum internal distance of type            3 :    5.2066761950403642     
  Maximum internal distance of type            4 :    4.0230497138365067     
  All atoms must be within these coordinates: 
   x: [   -1000.0000000000000      ,    1000.0000000000000       ] 
   y: [   -1000.0000000000000      ,    1000.0000000000000       ] 
   z: [   -1000.0000000000000      ,    1000.0000000000000       ] 
  If the system is larger than this, increase the sidemax parameter. 

################################################################################

  Building initial approximation ... 

################################################################################

  Adjusting initial point to fit the constraints 

--------------------------------------------------------------------------------

--------------------------------------------------------------------------------

  Molecules of type:            1

  Packing:|0                                                             100%|
          |******************************************************************|
          |***********************************

  Restraint-only function value:    2.0104699412456496E-002
  Maximum violation of the restraints:    8.0348460876501770E-003

--------------------------------------------------------------------------------

  Molecules of type:            2

  Packing:|0                                                             100%|
          |******************************************************************|
          |

  Restraint-only function value:    2.5650852723483171E-002
  Maximum violation of the restraints:    8.6371451328064158E-003

--------------------------------------------------------------------------------

  Molecules of type:            3

  Packing:|0                                                             100%|
          |******************************************************************|
          |***********************************

  Restraint-only function value:    2.2353258137330129E-005
  Maximum violation of the restraints:    1.7085887486177026E-005

--------------------------------------------------------------------------------

  Molecules of type:            4

  Packing:|0                                                             100%|
          |******************************************************************|
          |*******

  Restraint-only function value:    1.2817403521763509E-004
  Maximum violation of the restraints:    3.8985663813360454E-005

--------------------------------------------------------------------------------

  Rescaling maximum and minimum coordinates... 
  Computing size of patches... 
  Add fixed molecules to permanent arrays... 
  Reseting center of mass... 

--------------------------------------------------------------------------------

  Setting initial trial coordinates ... 

--------------------------------------------------------------------------------

--------------------------------------------------------------------------------

  Molecules of type:            1
  Adjusting random positions to fit the constraints. 
  Packing:|0                                                             100%|
          |*******
  Restraint-only function value:    1.4888900020735287E-003
  Maximum violation of the restraints:    1.4888900020735287E-003

--------------------------------------------------------------------------------

  Molecules of type:            2
  Adjusting random positions to fit the constraints. 
  Packing:|0                                                             100%|
          |
  Restraint-only function value:    0.0000000000000000     
  Maximum violation of the restraints:    0.0000000000000000     

--------------------------------------------------------------------------------

  Molecules of type:            3
  Adjusting random positions to fit the constraints. 
  Packing:|0                                                             100%|
          |*********************
  Restraint-only function value:    0.0000000000000000     
  Maximum violation of the restraints:    0.0000000000000000     

--------------------------------------------------------------------------------

  Molecules of type:            4
  Adjusting random positions to fit the constraints. 
  Packing:|0                                                             100%|
          |****************************
  Restraint-only function value:    1.6027925801908834E-003
  Maximum violation of the restraints:    1.6027925801908834E-003

################################################################################

  Objective function at initial point:    202431.71250502780     

################################################################################

  Packing molecules of type:            1

################################################################################


--------------------------------------------------------------------------------

  Starting GENCAN loop:            0
  Scaling radii by:    1.1000000000000001     

  Packing:|0                                                             100%|
          |******************************************************************|


  Function value from last GENCAN loop: f = .00000E+00
  Best function value before: f = .34599E+04
  Improvement from best function value:    99.99 %
  Improvement from last loop:    99.99 %
  Maximum violation of target distance:     0.000000
  Maximum violation of the constraints: .00000E+00
  Current structure written to file: im1h_oac_150_im1_hoac_350_init.pdb
--------------------------------------------------------------------------------
  Packing solved for molecules of type           1
  Objective function value:    0.0000000000000000     
  Maximum violation of target distance:    0.0000000000000000     
  Max. constraint violation:    0.0000000000000000     
--------------------------------------------------------------------------------

################################################################################

  Packing molecules of type:            2

################################################################################


--------------------------------------------------------------------------------

  Starting GENCAN loop:            0
  Scaling radii by:    1.1000000000000001     

  Packing:|0                                                             100%|
          |*********************

  Function value from last GENCAN loop: f = .00000E+00
  Best function value before: f = .32869E+04
  Improvement from best function value:    99.99 %
  Improvement from last loop:    99.99 %
  Maximum violation of target distance:     0.000000
  Maximum violation of the constraints: .00000E+00
  Current structure written to file: im1h_oac_150_im1_hoac_350_init.pdb
--------------------------------------------------------------------------------
  Packing solved for molecules of type           2
  Objective function value:    0.0000000000000000     
  Maximum violation of target distance:    0.0000000000000000     
  Max. constraint violation:    0.0000000000000000     
--------------------------------------------------------------------------------

################################################################################

  Packing molecules of type:            3

################################################################################


--------------------------------------------------------------------------------

  Starting GENCAN loop:            0
  Scaling radii by:    1.1000000000000001     

  Packing:|0                                                             100%|
          |******************************************************************|
          |******************************************************************|

  Function value from last GENCAN loop: f = .24777E+00
  Best function value before: f = .32522E+05
  Improvement from best function value:    99.99 %
  Improvement from last loop:    99.99 %
  Maximum violation of target distance:     0.000000
  Maximum violation of the constraints: .17488E+00
  All-type function value: .16146E+06

--------------------------------------------------------------------------------


--------------------------------------------------------------------------------

  Starting GENCAN loop:            1
  Scaling radii by:    1.1000000000000001     

  Packing:|0                                                             100%|
          |********************************************************

  Function value from last GENCAN loop: f = .10488E-01
  Best function value before: f = .24777E+00
  Improvement from best function value:    95.77 %
  Improvement from last loop:    95.77 %
  Maximum violation of target distance:     0.000000
  Maximum violation of the constraints: .96667E-02
  Current structure written to file: im1h_oac_150_im1_hoac_350_init.pdb
--------------------------------------------------------------------------------
  Packing solved for molecules of type           3
  Objective function value:    1.0487885030411013E-002
  Maximum violation of target distance:    0.0000000000000000     
  Max. constraint violation:    9.6667493127339955E-003
--------------------------------------------------------------------------------

################################################################################

  Packing molecules of type:            4

################################################################################


--------------------------------------------------------------------------------

  Starting GENCAN loop:            0
  Scaling radii by:    1.1000000000000001     

  Packing:|0                                                             100%|
          |******************************************************************|
          |*********************

  Function value from last GENCAN loop: f = .12434E-01
  Best function value before: f = .18504E+05
  Improvement from best function value:    99.99 %
  Improvement from last loop:    99.99 %
  Maximum violation of target distance:     0.000000
  Maximum violation of the constraints: .96116E-02
  Current structure written to file: im1h_oac_150_im1_hoac_350_init.pdb
--------------------------------------------------------------------------------
  Packing solved for molecules of type           4
  Objective function value:    1.2434355628538554E-002
  Maximum violation of target distance:    0.0000000000000000     
  Max. constraint violation:    9.6116168675701441E-003
--------------------------------------------------------------------------------

################################################################################

  Packing all molecules together 

################################################################################


--------------------------------------------------------------------------------

  Starting GENCAN loop:            0
  Scaling radii by:    1.1000000000000001     

  Packing:|0                                                             100%|
          |******************************************************************|
          |******************************************************************|

  Function value from last GENCAN loop: f = .25888E+03
  Best function value before: f = .14495E+06
  Improvement from best function value:    99.82 %
  Improvement from last loop:    99.82 %
  Maximum violation of target distance:     2.466061
  Maximum violation of the constraints: .31157E+01

--------------------------------------------------------------------------------


--------------------------------------------------------------------------------

  Starting GENCAN loop:            1
  Scaling radii by:    1.1000000000000001     

  Packing:|0                                                             100%|
          |******************************************************************|
          |******************************************************************|

  Function value from last GENCAN loop: f = .39148E+02
  Best function value before: f = .25888E+03
  Improvement from best function value:    84.88 %
  Improvement from last loop:    84.88 %
  Maximum violation of target distance:     0.575301
  Maximum violation of the constraints: .22897E+01

--------------------------------------------------------------------------------


--------------------------------------------------------------------------------

  Starting GENCAN loop:            2
  Scaling radii by:    1.1000000000000001     

  Packing:|0                                                             100%|
          |******************************************************************|
          |******************************************************************|

  Function value from last GENCAN loop: f = .54020E+01
  Best function value before: f = .39148E+02
  Improvement from best function value:    86.20 %
  Improvement from last loop:    86.20 %
  Maximum violation of target distance:     0.000000
  Maximum violation of the constraints: .60045E+00

--------------------------------------------------------------------------------


--------------------------------------------------------------------------------

  Starting GENCAN loop:            3
  Scaling radii by:    1.1000000000000001     

  Packing:|0                                                             100%|
          |******************************************************************|
          |******************************************************************|

  Function value from last GENCAN loop: f = .80338E+00
  Best function value before: f = .54020E+01
  Improvement from best function value:    85.13 %
  Improvement from last loop:    85.13 %
  Maximum violation of target distance:     0.000000
  Maximum violation of the constraints: .15551E+00

--------------------------------------------------------------------------------


--------------------------------------------------------------------------------

  Starting GENCAN loop:            4
  Scaling radii by:    1.1000000000000001     

  Packing:|0                                                             100%|
          |******************************************************************|
          |******************************************************************|

  Function value from last GENCAN loop: f = .16029E+00
  Best function value before: f = .80338E+00
  Improvement from best function value:    80.05 %
  Improvement from last loop:    80.05 %
  Maximum violation of target distance:     0.000000
  Maximum violation of the constraints: .38962E-01

--------------------------------------------------------------------------------


--------------------------------------------------------------------------------

  Starting GENCAN loop:            5
  Scaling radii by:    1.1000000000000001     

  Packing:|0                                                             100%|
          |******************************************************************|
          |******************************************************************|

  Function value from last GENCAN loop: f = .45055E-01
  Best function value before: f = .16029E+00
  Improvement from best function value:    71.89 %
  Improvement from last loop:    71.89 %
  Maximum violation of target distance:     0.000000
  Maximum violation of the constraints: .18025E-01

--------------------------------------------------------------------------------


--------------------------------------------------------------------------------

  Starting GENCAN loop:            6
  Scaling radii by:    1.1000000000000001     

  Packing:|0                                                             100%|
          |******************************************************************|
          |**************

  Function value from last GENCAN loop: f = .22673E-01
  Best function value before: f = .45055E-01
  Improvement from best function value:    49.68 %
  Improvement from last loop:    49.68 %
  Maximum violation of target distance:     0.000000
  Maximum violation of the constraints: .99681E-02

################################################################################

                                 Success! 
              Final objective function value: .22673E-01
              Maximum violation of target distance:   0.000000
              Maximum violation of the constraints: .99681E-02

--------------------------------------------------------------------------------

              Please cite this work if Packmol was useful: 

           L. Martinez, R. Andrade, E. G. Birgin, J. M. Martinez, 
         PACKMOL: A package for building initial configurations for
                   molecular dynamics simulations. 
          Journal of Computational Chemistry, 30:2157-2164,2009.

################################################################################

  Solution written to file: im1h_oac_150_im1_hoac_350_init.pdb

--------------------------------------------------------------------------------

   Running time:    17.7919998      seconds. 

--------------------------------------------------------------------------------


