1
                 Chemistry at HARvard Macromolecular Mechanics
           (CHARMM) - Developmental Version 43a1     August 15, 2017            
       Copyright(c) 1984-2014  President and Fellows of Harvard College
                              All Rights Reserved
  Current operating system: Linux-4.9.0-16-amd64(x86_64)@sheet.mdy.univie.ac.   
                 Created on  8/2/21 at 15:00:05 by user: florian     

            Maximum number of ATOMS:    360720, and RESidues:      120240
 RDTITL> *~~~~~~~~~~~~~~~~~~~~~~~~~~~~~~~~~~~~~~~~~~~~~~~~~~~~~~~~~~~~~~~~~~~~~~~
 RDTITL> *~ MINIMIZATION OF PACKMOL STRUCTURE
 RDTITL> *~~~~~~~~~~~~~~~~~~~~~~~~~~~~~~~~~~~~~~~~~~~~~~~~~~~~~~~~~~~~~~~~~~~~~~~
 RDTITL> *
  
 CHARMM>    ioformat extended
 MISCOM> Expanded I/O format is used.
  
 CHARMM>    !=======================================================================
 CHARMM>    ! Force field
 CHARMM>    !=======================================================================
 CHARMM>    !set TOPPAR /site/raid2/florian/str/scaled_lj
 CHARMM>    set TOPPAR ./toppar
 Parameter: TOPPAR <- "./TOPPAR"
  
 CHARMM>    stream @TOPPAR/toppar_drude_master_protein_2013f_lj02.str
 Parameter: TOPPAR -> "./TOPPAR"
 VOPEN> Attempting to open::./toppar/toppar_drude_master_protein_2013f_lj02.str::
 OPNLGU> Unit 99 opened for READONLY access to ./toppar/toppar_drude_master_protein_2013f_lj02.str

                    INPUT STREAM SWITCHING TO UNIT    99
 RDTITL> * DRUDE MASTER TOPOLOGY AND PARAMETER STREAM FILE
 RDTITL> * INCLUDES WATER, IONS AND 2013 PROTEIN FF RELEASE
 RDTITL> * IONS UPDATED, JUNE 2018
 RDTITL> * NUCLEIC ACID/CARBOHYDRATE/LIPID UPDATE JANUARY 2017
 RDTITL> * JUNE 2018
 RDTITL> *
 Parameter: IN1 <- "" <empty>
  
 CHARMM>     
  
 CHARMM>    ioformat extended
 MISCOM> Expanded I/O format is used.
  
 CHARMM>     
  
 CHARMM>    !This file must be streamed prior to additional Drude FF toppar stream files
 CHARMM>    !and it includes parameters for the model compounds (toppar_drude_model*.str)
 CHARMM>     
  
 CHARMM>    !references
 CHARMM>    !
 CHARMM>    !Proteins
 CHARMM>    !Lopes, P.E.M., Huang, J., Shim, J., Luo, Y., Li, H., Roux, B., and
 CHARMM>    !MacKerell, A.D., Jr., "Polarizable Force Field for Peptides and
 CHARMM>    !Proteins based on the Classical Drude Oscillator," Journal of
 CHARMM>    !Chemical Theory and Computation, 9: 5430-5449, 2013 DOI:
 CHARMM>    !10.1021/ct400781b, NIHMS53671
 CHARMM>    !
 CHARMM>    !water
 CHARMM>    !SWM4-NDP, negative Drude (this will be the default model): Lamoureux,
 CHARMM>    !G., Harder, E., Vorobyov, I.V., Deng, Y., Roux, B. MacKerell, A.D.,
 CHARMM>    !Jr., A polarizable model of water for molecular dynamics simulations
 CHARMM>    !of biomolecules, Chemical Physics Letters, 2006, 418: 245-249.
 CHARMM>    !
 CHARMM>    !SWM6: Wenbo Yu, Pedro E. M. Lopes, Benoit Roux and Alexander
 CHARMM>    !D. MacKerell, Jr.  "Six-site Polarizable Model of Water Based on the
 CHARMM>    !Classical Drude Oscillator" Journal of Chemical Physics, 138: 034508,
 CHARMM>    !2013
 CHARMM>     
  
 CHARMM>    !atomic ions
 CHARMM>    !Yu, H., Whitfield, T.W., Harder, E., Lamoureux, G., Vorobyov, I.,
 CHARMM>    !Anisimov, V. M., MacKerell, A.D., Jr., and Roux, B. "Simulating
 CHARMM>    !Monovalent and Divalent Ions in Aqueous Solution Using a Drude
 CHARMM>    !Polarizable Force Field," Journal of Chemical Theory and Computation,
 CHARMM>    !6: 774-786, 2010
 CHARMM>    !
 CHARMM>    !Luo, Y., Jiang, W., Yu, H., MacKerell, A.D., Jr., and Roux, B.,
 CHARMM>    !"Simulation study of ion pairing in concentrated aqueous salt
 CHARMM>    !solutions with a polarizable force field," Faraday Discussions, 160,
 CHARMM>    !135-149, 2013, PMC3695446
 CHARMM>    !
 CHARMM>    !Lemkul, J.A. and MacKerell, A.D., Jr. "Balancing the Interactions of
 CHARMM>    !Mg2+ in Aqueous Solution and with Nucleic Acid Moieties For a Polarizable
 CHARMM>    !Force Field Based on the Classical Drude Oscillator Model," J. Phys. Chem B,
 CHARMM>    !120, 11436-11448, 2016, PMC5148688
 CHARMM>     
  
 CHARMM>    ! note use of D for second character to indicate Drude
 CHARMM>    ! polarizable FF (be careful of Cadmium: use CDM)
 CHARMM>     
  
 CHARMM>    ! Parameter labeling after !
 CHARMM>    ! RESName, generic compound name of model compound followed by additional comments
 CHARMM>    ! for example ! BENZ, benzene, based on crystal survey data
 CHARMM>     
  
 CHARMM>    !Formatting information
 CHARMM>    !RTF section: please use the following format for future residues, including the spacing
 CHARMM>    !(and please clean a few up of the residues not in this format if you so desire....)
 CHARMM>     
  
 CHARMM>    !RESI ALA           0.000
 CHARMM>    !ATOM N    ND2A2   -0.427  ALPHA -1.056  THOLE 0.711
 CHARMM>    !BOND A1     A2     A3     A4     A5     A6     A7     A8
 CHARMM>    !IMPR A1     A2     A3     A4
 CHARMM>    !CMAP A1     A2     A3     A4     A1     A2     A3     A4
 CHARMM>    !LONEPAIR relative A1       A2       A3      A4       distance 0.30 angle 91.00 dihe 180.00
 CHARMM>    !ANISOTROPY        A1       A2       A3      A4       A11 0.6968  A22 1.2194
 CHARMM>    !IC A1     A2     A3     A4       1.3474  124.31  180.00  114.26   0.9979
 CHARMM>     
  
 CHARMM>    !parameter section
 CHARMM>    !bond
 CHARMM>    !CD32E    OD30A    360.00      1.415 ! comment
 CHARMM>    !angles
 CHARMM>    !HDA1A    CD31A    CD31A     34.50    110.10 ! comment
 CHARMM>    !HDA1A    CD31A    CD31A     34.50    110.10   22.53   2.1790 ! comment
 CHARMM>    !dihedrals
 CHARMM>    !CD2O1A   ND2A2    CD31C    CD2O2A      0.000   3   180.00 ! comment
 CHARMM>    !impropers
 CHARMM>    !CD2O1A   CD31A    ND2A2    OD2C1A    120.000   0     0.00 ! comment
 CHARMM>    !nonbond (LJ)
 CHARMM>    !HDW      0.0   -0.0000     0.0000 ! comment
 CHARMM>    !nbfix
 CHARMM>    !CD30A   ODW    -0.00500	 4.04699 ! comment
 CHARMM>     
  
 CHARMM>    !ioformat extended
 CHARMM>     
  
 CHARMM>    read rtf card !append
 MAINIO> Residue topology file being read from unit  99.
 RDTITL> * TOPOLOGY FOR DRUDE WATER, IONS AND PROTEINS
 RDTITL> *

 DRUDES PARTICLES WILL BE GENERATED AUTOMATICALLY FOR ALL ATOMS WITH NON-ZERO ALPHA
 Thole-type dipole screening, Slater-Delta shape {S(u) = 1 - (1+u/2)*exp(-u)}, default radius =  1.300000
  
 CHARMM>     
  
 CHARMM>    read para card !append

          PARAMETER FILE BEING READ FROM UNIT 99
 RDTITL> * DRUDE POLARIZABLE FF PARAMETERS
 RDTITL> *

 PARRDR> WARNING: ATOMS IN BOND X        DRUD     1000.00000   0.00000 DONT EXIST
 PARMIO> NONBOND, HBOND lists and IMAGE atoms cleared.
  
 CHARMM>     
  
 VCLOSE: Closing unit   99 with status "KEEP"

                    RETURNING TO INPUT STREAM     5
  
 CHARMM>    !stream @TOPPAR/im1h_d_fm_lj.str
 CHARMM>    stream @TOPPAR/im1h_d_fm_lj_lp.str
 Parameter: TOPPAR -> "./TOPPAR"
 VOPEN> Attempting to open::./toppar/im1h_d_fm_lj_lp.str::
 OPNLGU> Unit 99 opened for READONLY access to ./toppar/im1h_d_fm_lj_lp.str

                    INPUT STREAM SWITCHING TO UNIT    99
 RDTITL> * TOPPAR STREAM FILE GENERATED BY FFPARAM CGENFFTOCONVERTER
 RDTITL> * FOR USE WITH DRUDE FORCE FIELD
 RDTITL> *
 Parameter: IN1 <- "" <empty>
  
 CHARMM>     
  
 CHARMM>    ioformat extended
 MISCOM> Expanded I/O format is used.
  
 CHARMM>     
  
 CHARMM>    read rtf card append
 MAINIO> Residue topology file being read from unit  99.
 RDTITL> * TOPOLOGIES GENERATED BY FFPARAM CGENFFTOCONVERTER
 RDTITL> * FOR USE WITH DRUDE FORCE FIELD
 RDTITL> *

 DRUDES PARTICLES WILL BE GENERATED AUTOMATICALLY FOR ALL ATOMS WITH NON-ZERO ALPHA
 Thole-type dipole screening, Slater-Delta shape {S(u) = 1 - (1+u/2)*exp(-u)}, default radius =  1.300000
  
 CHARMM>     
  
 CHARMM>     
  
 CHARMM>    read param card append

          PARAMETER FILE BEING READ FROM UNIT 99
 RDTITL> * PARAMETERS GENERATED BY FFPARAM CGENFFTOCONVERTER
 RDTITL> * FOR USE WITH DRUDE FORCE FIELD
 RDTITL> *
 PARMIO> NONBOND, HBOND lists and IMAGE atoms cleared.
  
 CHARMM>    RETURN
 VCLOSE: Closing unit   99 with status "KEEP"

                    RETURNING TO INPUT STREAM     5
  
 CHARMM>    stream @TOPPAR/oac_d_lj.str
 Parameter: TOPPAR -> "./TOPPAR"
 VOPEN> Attempting to open::./toppar/oac_d_lj.str::
 OPNLGU> Unit 99 opened for READONLY access to ./toppar/oac_d_lj.str

                    INPUT STREAM SWITCHING TO UNIT    99
 RDTITL> * TOPPAR STREAM FILE COPIED FROM
 RDTITL> * /SITE/RAID9/FLORIAN/IM1H_OAC_500/DRUDE_TOPPAR/TOPPAR_DRUDE_MODEL_2013F.STR
 RDTITL> *
 Parameter: IN1 <- "" <empty>
  
 CHARMM>     
  
 CHARMM>    ioformat extended
 MISCOM> Expanded I/O format is used.
  
 CHARMM>     
  
 CHARMM>    read rtf card append
 MAINIO> Residue topology file being read from unit  99.
 RDTITL> * TOPOLOGIES COPIED
 RDTITL> * FOR USE WITH DRUDE FORCE FIELD
 RDTITL> *

 DRUDES PARTICLES WILL BE GENERATED AUTOMATICALLY FOR ALL ATOMS WITH NON-ZERO ALPHA
 Thole-type dipole screening, Slater-Delta shape {S(u) = 1 - (1+u/2)*exp(-u)}, default radius =  1.300000
  
 CHARMM>     
  
 CHARMM>    read param card append

          PARAMETER FILE BEING READ FROM UNIT 99
 RDTITL> * PARAMETERS GENERATED BY FFPARAM CGENFFTOCONVERTER
 RDTITL> * FOR USE WITH DRUDE FORCE FIELD
 RDTITL> *
 PARMIO> NONBOND, HBOND lists and IMAGE atoms cleared.
  
 CHARMM>    RETURN
 VCLOSE: Closing unit   99 with status "KEEP"

                    RETURNING TO INPUT STREAM     5
  
 CHARMM>    !stream @TOPPAR/im1_d_fm_lj.str
 CHARMM>    stream @TOPPAR/im1_d_fm_lj_dummy_lp.str
 Parameter: TOPPAR -> "./TOPPAR"
 VOPEN> Attempting to open::./toppar/im1_d_fm_lj_dummy_lp.str::
 OPNLGU> Unit 99 opened for READONLY access to ./toppar/im1_d_fm_lj_dummy_lp.str

                    INPUT STREAM SWITCHING TO UNIT    99
 RDTITL> * TOPPAR STREAM FILE GENERATED BY FFPARAM CGENFFTOCONVERTER
 RDTITL> * FOR USE WITH DRUDE FORCE FIELD
 RDTITL> *
 Parameter: IN1 <- "" <empty>
  
 CHARMM>     
  
 CHARMM>    ioformat extended
 MISCOM> Expanded I/O format is used.
  
 CHARMM>     
  
 CHARMM>    read rtf card append
 MAINIO> Residue topology file being read from unit  99.
 RDTITL> * TOPOLOGIES GENERATED BY FFPARAM CGENFFTOCONVERTER
 RDTITL> * FOR USE WITH DRUDE FORCE FIELD
 RDTITL> *

 DRUDES PARTICLES WILL BE GENERATED AUTOMATICALLY FOR ALL ATOMS WITH NON-ZERO ALPHA
 Thole-type dipole screening, Slater-Delta shape {S(u) = 1 - (1+u/2)*exp(-u)}, default radius =  1.300000
  
 CHARMM>     
  
 CHARMM>     
  
 CHARMM>    read param card append

          PARAMETER FILE BEING READ FROM UNIT 99
 RDTITL> * PARAMETERS GENERATED BY FFPARAM CGENFFTOCONVERTER
 RDTITL> * FOR USE WITH DRUDE FORCE FIELD
 RDTITL> *
 PARMIO> NONBOND, HBOND lists and IMAGE atoms cleared.
  
 CHARMM>    RETURN
 VCLOSE: Closing unit   99 with status "KEEP"

                    RETURNING TO INPUT STREAM     5
  
 CHARMM>    stream @TOPPAR/hoac_d.str
 Parameter: TOPPAR -> "./TOPPAR"
 VOPEN> Attempting to open::./toppar/hoac_d.str::
 OPNLGU> Unit 99 opened for READONLY access to ./toppar/hoac_d.str

                    INPUT STREAM SWITCHING TO UNIT    99
 RDTITL> * TOPPAR STREAM FILE GENERATED BY FFPARAM CGENFFTOCONVERTER
 RDTITL> * FOR USE WITH DRUDE FORCE FIELD
 RDTITL> *
 Parameter: IN1 <- "" <empty>
  
 CHARMM>     
  
 CHARMM>    ioformat extended
 MISCOM> Expanded I/O format is used.
  
 CHARMM>     
  
 CHARMM>    read rtf card append
 MAINIO> Residue topology file being read from unit  99.
 RDTITL> * TOPOLOGIES GENERATED BY FFPARAM CGENFFTOCONVERTER
 RDTITL> * FOR USE WITH DRUDE FORCE FIELD
 RDTITL> *

 DRUDES PARTICLES WILL BE GENERATED AUTOMATICALLY FOR ALL ATOMS WITH NON-ZERO ALPHA
 Thole-type dipole screening, Slater-Delta shape {S(u) = 1 - (1+u/2)*exp(-u)}, default radius =  1.300000
  
 CHARMM>     
  
 CHARMM>     
  
 CHARMM>    read param card append

          PARAMETER FILE BEING READ FROM UNIT 99
 RDTITL> * PARAMETERS GENERATED BY FFPARAM CGENFFTOCONVERTER
 RDTITL> * FOR USE WITH DRUDE FORCE FIELD
 RDTITL> *
 PARMIO> NONBOND, HBOND lists and IMAGE atoms cleared.
  
 CHARMM>    RETURN
 VCLOSE: Closing unit   99 with status "KEEP"

                    RETURNING TO INPUT STREAM     5
  
 CHARMM>     
  
 CHARMM>    read sequence IM1H 150
  
 CHARMM>    generate IM1H setup warn drude dmass 0.4
 Drude polarizability will be setup for SEGID: IM1H    mass of Drudes particles =    0.4000
 NO PATCHING WILL BE DONE ON THE FIRST RESIDUE
 NO PATCHING WILL BE DONE ON THE LAST  RESIDUE

 MKDRUDE generate list and setup for drude polarizability

 All okay for    900 added Drude particles 

 GENPSF> Segment   1 has been generated. Its identifier is IM1H.
 PSFSUM> PSF modified: NONBOND lists and IMAGE atoms cleared.
 PSFSUM> Summary of the structure file counters :
         Number of segments      =        1   Number of residues   =      150
         Number of atoms         =     3000   Number of groups     =      150
         Number of bonds         =     3000   Number of angles     =     3150
         Number of dihedrals     =     3900   Number of impropers  =        0
         Number of cross-terms   =        0
         Number of HB acceptors  =        0   Number of HB donors  =        0
         Number of NB exclusions =        0   Total charge =  150.00000
         Number of Drudes        =      900
         Number of true-bonds    =     3000   Number of zero-bonds =        0
         Number of aniso. terms  =        0   Number of lone-pairs =      150
  
 CHARMM>     
  
 CHARMM>    read sequence OAC 150
  
 CHARMM>    generate OAC setup warn drude dmass 0.4
 Drude polarizability will be setup for SEGID: OAC     mass of Drudes particles =    0.4000
 NO PATCHING WILL BE DONE ON THE FIRST RESIDUE
 NO PATCHING WILL BE DONE ON THE LAST  RESIDUE

 MKDRUDE generate list and setup for drude polarizability

 All okay for    600 added Drude particles 

 GENPSF> Segment   2 has been generated. Its identifier is OAC.
 PSFSUM> PSF modified: NONBOND lists and IMAGE atoms cleared.
 PSFSUM> Summary of the structure file counters :
         Number of segments      =        2   Number of residues   =      300
         Number of atoms         =     5400   Number of groups     =      300
         Number of bonds         =     5250   Number of angles     =     4650
         Number of dihedrals     =     5100   Number of impropers  =      150
         Number of cross-terms   =        0
         Number of HB acceptors  =        0   Number of HB donors  =        0
         Number of NB exclusions =        0   Total charge =    0.00000
         Number of Drudes        =     1500
         Number of true-bonds    =     5250   Number of zero-bonds =        0
         Number of aniso. terms  =      300   Number of lone-pairs =      750
  
 CHARMM>     
  
 CHARMM>    read sequence IM1 350
  
 CHARMM>    generate IM1 setup warn drude dmass 0.4
 Drude polarizability will be setup for SEGID: IM1     mass of Drudes particles =    0.4000
 NO PATCHING WILL BE DONE ON THE FIRST RESIDUE
 NO PATCHING WILL BE DONE ON THE LAST  RESIDUE

 MKDRUDE generate list and setup for drude polarizability

 All okay for   2100 added Drude particles 

 GENPSF> Segment   3 has been generated. Its identifier is IM1.
 PSFSUM> PSF modified: NONBOND lists and IMAGE atoms cleared.
 PSFSUM> Summary of the structure file counters :
         Number of segments      =        3   Number of residues   =      650
         Number of atoms         =    12400   Number of groups     =      650
         Number of bonds         =    12250   Number of angles     =    12000
         Number of dihedrals     =    14200   Number of impropers  =      150
         Number of cross-terms   =        0
         Number of HB acceptors  =        0   Number of HB donors  =        0
         Number of NB exclusions =        0   Total charge =    0.00000
         Number of Drudes        =     3600
         Number of true-bonds    =    12250   Number of zero-bonds =        0
         Number of aniso. terms  =      300   Number of lone-pairs =     1100
  
 CHARMM>     
  
 CHARMM>    read sequence HOAC 350
  
 CHARMM>    generate HOAC setup warn drude dmass 0.4
 Drude polarizability will be setup for SEGID: HOAC    mass of Drudes particles =    0.4000
 NO PATCHING WILL BE DONE ON THE FIRST RESIDUE
 NO PATCHING WILL BE DONE ON THE LAST  RESIDUE

 MKDRUDE generate list and setup for drude polarizability

 All okay for   1400 added Drude particles 

 GENPSF> Segment   4 has been generated. Its identifier is HOAC.
 PSFSUM> PSF modified: NONBOND lists and IMAGE atoms cleared.
 PSFSUM> Summary of the structure file counters :
         Number of segments      =        4   Number of residues   =     1000
         Number of atoms         =    18000   Number of groups     =     1000
         Number of bonds         =    17500   Number of angles     =    15500
         Number of dihedrals     =    17000   Number of impropers  =      500
         Number of cross-terms   =        0
         Number of HB acceptors  =        0   Number of HB donors  =        0
         Number of NB exclusions =        0   Total charge =    0.00000
         Number of Drudes        =     5000
         Number of true-bonds    =    17500   Number of zero-bonds =        0
         Number of aniso. terms  =     1000   Number of lone-pairs =     2500
  
 CHARMM>    !=======================================================================
 CHARMM>    ! Coordinates
 CHARMM>    !=======================================================================
 CHARMM>    open  unit 10 read form name "./im1h_oac_150_im1_hoac_350_init.crd"
 VOPEN> Attempting to open::./im1h_oac_150_im1_hoac_350_init.crd::
 OPNLGU> Unit 10 opened for READONLY access to ./im1h_oac_150_im1_hoac_350_init.crd
  
 CHARMM>    read  unit 10 coor card
          SPATIAL COORDINATES BEING READ FROM UNIT 10
 TITLE> *.    PACKMOL GENERATED PDB FILE
 TITLE> *.    HOME-PAGE: HTTP://M3G.IQM.UNICAMP.BR/PACKMOL
 TITLE> *.
 TITLE> 17500

 ** WARNING ** For atom in coordinate file, the corresponding residue in the PSF lacks that atom:
 INDEX= 2863 IRES=  151 RESID=1    RES=OAC  ATOM=LPO1

 ** WARNING ** For atom in coordinate file, the corresponding residue in the PSF lacks that atom:
 INDEX= 2864 IRES=  151 RESID=1    RES=OAC  ATOM=LPO1

 ** WARNING ** For atom in coordinate file, the corresponding residue in the PSF lacks that atom:
 INDEX= 2865 IRES=  151 RESID=1    RES=OAC  ATOM=LPO2

 ** WARNING ** For atom in coordinate file, the corresponding residue in the PSF lacks that atom:
 INDEX= 2866 IRES=  151 RESID=1    RES=OAC  ATOM=LPO2

 ** WARNING ** For atom in coordinate file, the corresponding residue in the PSF lacks that atom:
 INDEX= 2879 IRES=  152 RESID=2    RES=OAC  ATOM=LPO1

 ** WARNING ** For atom in coordinate file, the corresponding residue in the PSF lacks that atom:
 INDEX= 2880 IRES=  152 RESID=2    RES=OAC  ATOM=LPO1

 ** WARNING ** For atom in coordinate file, the corresponding residue in the PSF lacks that atom:
 INDEX= 2881 IRES=  152 RESID=2    RES=OAC  ATOM=LPO2

 ** WARNING ** For atom in coordinate file, the corresponding residue in the PSF lacks that atom:
 INDEX= 2882 IRES=  152 RESID=2    RES=OAC  ATOM=LPO2

 ** WARNING ** For atom in coordinate file, the corresponding residue in the PSF lacks that atom:
 INDEX= 2895 IRES=  153 RESID=3    RES=OAC  ATOM=LPO1

 ** WARNING ** For atom in coordinate file, the corresponding residue in the PSF lacks that atom:
 INDEX= 2896 IRES=  153 RESID=3    RES=OAC  ATOM=LPO1

 ** WARNING ** For atom in coordinate file, the corresponding residue in the PSF lacks that atom:
 INDEX= 2897 IRES=  153 RESID=3    RES=OAC  ATOM=LPO2

 ** WARNING ** For atom in coordinate file, the corresponding residue in the PSF lacks that atom:
 INDEX= 2898 IRES=  153 RESID=3    RES=OAC  ATOM=LPO2

 ** WARNING ** For atom in coordinate file, the corresponding residue in the PSF lacks that atom:
 INDEX= 2911 IRES=  154 RESID=4    RES=OAC  ATOM=LPO1

 ** WARNING ** For atom in coordinate file, the corresponding residue in the PSF lacks that atom:
 INDEX= 2912 IRES=  154 RESID=4    RES=OAC  ATOM=LPO1

 ** WARNING ** For atom in coordinate file, the corresponding residue in the PSF lacks that atom:
 INDEX= 2913 IRES=  154 RESID=4    RES=OAC  ATOM=LPO2

 ** WARNING ** For atom in coordinate file, the corresponding residue in the PSF lacks that atom:
 INDEX= 2914 IRES=  154 RESID=4    RES=OAC  ATOM=LPO2

 ** WARNING ** For atom in coordinate file, the corresponding residue in the PSF lacks that atom:
 INDEX= 2927 IRES=  155 RESID=5    RES=OAC  ATOM=LPO1

 ** WARNING ** For atom in coordinate file, the corresponding residue in the PSF lacks that atom:
 INDEX= 2928 IRES=  155 RESID=5    RES=OAC  ATOM=LPO1

 ** WARNING ** For atom in coordinate file, the corresponding residue in the PSF lacks that atom:
 INDEX= 2929 IRES=  155 RESID=5    RES=OAC  ATOM=LPO2
 ** WARNING ** After reading, there are no coordinates for selected atom:    20     1 IM1H LPN2
 ** WARNING ** After reading, there are no coordinates for selected atom:    40     2 IM1H LPN2
 ** WARNING ** After reading, there are no coordinates for selected atom:    60     3 IM1H LPN2
 ** WARNING ** After reading, there are no coordinates for selected atom:    80     4 IM1H LPN2
 ** WARNING ** After reading, there are no coordinates for selected atom:   100     5 IM1H LPN2
 ** WARNING ** After reading, there are no coordinates for selected atom:   120     6 IM1H LPN2
 ** WARNING ** After reading, there are no coordinates for selected atom:   140     7 IM1H LPN2
 ** WARNING ** After reading, there are no coordinates for selected atom:   160     8 IM1H LPN2
 ** WARNING ** After reading, there are no coordinates for selected atom:   180     9 IM1H LPN2
 ** WARNING ** After reading, there are no coordinates for selected atom:   200    10 IM1H LPN2

 ** A total of  2500 selected atoms have no coordinates

 ** A total of 2000 warnings were encountered during coordinate reading **
 *** LEVEL  2 WARNING *** BOMLEV IS    0
  
 CHARMM>    close unit 10
 VCLOSE: Closing unit   10 with status "KEEP"
  
 CHARMM>     
  
 CHARMM>    coor sdrude !gives cordinates to drudes
  
 CHARMM>    coor shake !gives cordinates to lonepairs
 SELECTED COORDINATES CONSTRAINED IN THE MAIN SET.

  
 CHARMM>     
  
 CHARMM>    set XTL = 48.0
 Parameter: XTL <- "48.0"
  
 CHARMM>    calc XTL2 = @xtl/2
 Parameter: XTL -> "48.0"
Evaluating: 48.0/2
 Parameter: XTL2 <- "24"
  
 CHARMM>    set GRID = 48
 Parameter: GRID <- "48"
  
 CHARMM>     
  
 CHARMM>    crystal define cubic @XTL @XTL @XTL 90.0 90.0 90.0
 Parameter: XTL -> "48.0"
 Parameter: XTL -> "48.0"
 Parameter: XTL -> "48.0"
 Crystal Parameters : Crystal Type = CUBI
           A     =   48.00000 B    =   48.00000 C     =   48.00000
           Alpha =   90.00000 Beta =   90.00000 Gamma =   90.00000
  
 CHARMM>    crystal build  cutoff @XTL2 noperations 0
 Parameter: XTL2 -> "24"
 XBUILD> Building all transformations with a minimum atom-atom
         contact distance of less than   24.00 Angstroms.

 Range of Grid Search for Transformation     1 :
 Lattice Vector A    -2 TO     2
 Lattice Vector B    -2 TO     2
 Lattice Vector C    -2 TO     2


 The number of transformations generated =    26


 Number  Symop   A   B   C   Distance

      1      1  -1  -1  -1     8.4701
      2      1  -1   0  -1     4.9547
      3      1  -1   1  -1    11.0844
      4      1   0  -1  -1     5.1793
      5      1   0   0  -1     1.4546
      6      1   0   1  -1     5.5337
      7      1  -1  -1   0     6.1879
      8      1  -1   0   0     4.5238
      9      1  -1   1   0     6.9049
     10      1   0  -1   0     2.1745
     11      1   0   1   0     2.1745
     12      1  -1  -1   1     9.7649
     13      1  -1   0   1     8.4705
     14      1  -1   1   1    10.0572
     15      1   0  -1   1     5.5337
     16      1   0   0   1     1.4546
     17      1   0   1   1     5.1793
     18      1   1   1   1     8.4701
     19      1   1   0   1     4.9547
     20      1   1  -1   1    11.0844
     21      1   1   1   0     6.1879
     22      1   1   0   0     4.5238
     23      1   1  -1   0     6.9049
     24      1   1   1  -1     9.7649
     25      1   1   0  -1     8.4705
     26      1   1  -1  -1    10.0572
                     THERE ARE NO ROTATIONS FOR THIS TRANSFORMATION SET
    26 Transformations have been processed.

  
 CHARMM>    image byresidue select ALL end
 SELRPN>  18000 atoms have been selected out of  18000
 IMAGE CENTERING ON FOR SOME ATOMS
  
 CHARMM>     
  
 CHARMM>    energy  bycb atom vatom cdiel ewal pmew vswitch -
 CHARMM>            ctonnb           10  -
 CHARMM>            ctofnb           11  -
 CHARMM>            cutnb            14  -
 CHARMM>            cutim            14  -
 CHARMM>            kappa           0.41 -
 CHARMM>            fftx          @GRID  -
 CHARMM>            ffty          @GRID  -
 CHARMM>            fftz          @GRID  -
 CHARMM>            spli order        6  -
 CHARMM>            qcor              0  -
 CHARMM>            wmin            1.5  -
 CHARMM>            inbfrq           -1  -
 CHARMM>            imgfrq           -1
 Parameter: GRID -> "48"
 Parameter: GRID -> "48"
 Parameter: GRID -> "48"

 SELECTED IMAGES ATOMS BEING CENTERED ABOUT  0.000000  0.000000  0.000000

 <MKIMAT2>: updating the image atom lists and remapping
 Transformation   Atoms  Groups  Residues  Min-Distance
    1  C001 has     172       9       9        4.34
    2  C002 has    1232      68      68        1.46
    3  C003 has      92       5       5        1.46
    4  C004 has    1128      61      61        0.42
    5  C005 has    5836     320     320        0.00
    6  C006 has    1160      64      64        0.56
    7  C007 has    1192      67      67        0.00
    8  C008 has    5764     321     321        0.00
    9  C009 has    1108      62      62        1.00
   10  C010 has    5940     327     327        0.00
   12  C012 has     164       9       9        3.19
   13  C013 has    1216      68      68        0.00
   14  C014 has     228      13      13        5.12
 Total of43232 atoms and 2394 groups and 2394 residues were included

 <PME> Total heap storage needed =      843167
 Fill Ewald table: Number of points=     10000 EWXmax=    4.715000
 fill erfc table: linear inter has rms error = 0.114425D-07 maximum error = 0.269224D-07
 fill erfc table: cubic spline has rms error = 0.467299D-11 maximum error = 0.148067D-10

 NONBOND OPTION FLAGS: 
     ELEC     VDW      ATOMs    CDIElec  SWITch   VATOm    VSWItch 
     BYCB     NOEXtnd  EWALd   
 CUTNB  = 14.000 CTEXNB =999.000 CTONNB = 10.000 CTOFNB = 11.000
 CGONNB =  0.000 CGOFNB = 10.000
 WMIN   =  1.500 WRNMXD =  0.500 E14FAC =  1.000 EPS    =  1.000
 NBXMOD =      5
 PME EWALD OPTIONS: KAPPA  =  0.410  QCOR =  0.000  Bspline order = 6
 FFTX=  48  FFTY=  48  FFTZ=  48
                Using FFTW
                Real-to-Complex FFT
                Using Column FFT 
 There are        0 atom  pairs and        0 atom  exclusions.
 There are        0 group pairs and        0 group exclusions.
 <MAKINB> with mode   5 found  98500 exclusions and  38000 interactions(1-4)
 <MAKGRP> found      0 group exclusions.
 <MAKGRP> found      0 image group exclusions.
 Generating nonbond list with Exclusion mode = 5
 Allocate space for   5000 Thole shielding pairs 
 == PRIMARY == SPACE FOR        0 ATOM PAIRS AND        0 GROUP PAIRS
 == IMAGES === SPACE FOR        0 ATOM PAIRS AND        0 GROUP PAIRS
  
 =========================================
              TRIAL run of list...........
 =========================================
Using Image CUBE search
Using Image CUBE search
  NBNDGCM found:
    13336257  atom pairs
     3756422  image atom pairs
           0  self atom pairs
    13336257 total atom  pairs
     3756422 total image pairs
Splitting recip cores into (y by z):   1 by    1
COLFFT thread division ntx,nty,ntz=  2  2  2
ENER ENR:  Eval#     ENERgy      Delta-E         GRMS
ENER INTERN:          BONDs       ANGLes       UREY-b    DIHEdrals    IMPRopers
ENER EXTERN:        VDWaals         ELEC       HBONds          ASP         USER
ENER IMAGES:        IMNBvdw       IMELec       IMHBnd       RXNField    EXTElec
ENER EWALD:          EWKSum       EWSElf       EWEXcl       EWQCor       EWUTil
 ----------       ---------    ---------    ---------    ---------    ---------
ENER>        0 16721187647.           0.  4519635287.
ENER INTERN>     6365.51778  42169.81872 151933.20056    966.53331      0.00741
ENER EXTERN>    15273.10535  -3404.37736      0.00000      0.00000      0.00000
ENER IMAGES>   16720995764.        -200.           0.           0.           0.
ENER EWALD>      15080.5809-6070322.2788 6034020.6082       0.0000       0.0000
 ----------       ---------    ---------    ---------    ---------    ---------
  
 CHARMM>     
  
 CHARMM>    shake bonh param tol 1.0e-9 nofast -
 CHARMM>          select ( .not. type D* ) end -
 CHARMM>          select ( .not. type D* ) end
 SELRPN>  13000 atoms have been selected out of  18000
 SELRPN>  13000 atoms have been selected out of  18000
 SHKCOM> SHAKE parameters: TOL =   0.1000D-08 MXITer =    500

            5500 constraints will held by SHAKE.
  
 CHARMM>     
  
 CHARMM>    !=======================================================================
 CHARMM>    ! Minimization
 CHARMM>    !=======================================================================
 CHARMM>    mini sd nstep 200

 SELECTED IMAGES ATOMS BEING CENTERED ABOUT  0.000000  0.000000  0.000000

 <MKIMAT2>: updating the image atom lists and remapping
 Transformation   Atoms  Groups  Residues  Min-Distance
    1  C001 has     172       9       9        4.34
    2  C002 has    1232      68      68        1.46
    3  C003 has      92       5       5        1.46
    4  C004 has    1128      61      61        0.42
    5  C005 has    5836     320     320        0.00
    6  C006 has    1160      64      64        0.56
    7  C007 has    1192      67      67        0.00
    8  C008 has    5764     321     321        0.00
    9  C009 has    1108      62      62        1.00
   10  C010 has    5940     327     327        0.00
   12  C012 has     164       9       9        3.19
   13  C013 has    1216      68      68        0.00
   14  C014 has     228      13      13        5.12
 Total of43232 atoms and 2394 groups and 2394 residues were included

 <MAKGRP> found      0 image group exclusions.

 NONBOND OPTION FLAGS: 
     ELEC     VDW      ATOMs    CDIElec  SWITch   VATOm    VSWItch 
     BYCB     NOEXtnd  EWALd   
 CUTNB  = 14.000 CTEXNB =999.000 CTONNB = 10.000 CTOFNB = 11.000
 CGONNB =  0.000 CGOFNB = 10.000
 WMIN   =  1.500 WRNMXD =  0.500 E14FAC =  1.000 EPS    =  1.000
 NBXMOD =      5
 PME EWALD OPTIONS: KAPPA  =  0.410  QCOR =  0.000  Bspline order = 6
 FFTX=  48  FFTY=  48  FFTZ=  48
                Using FFTW
                Real-to-Complex FFT
                Using Column FFT 
 There are 13336257 atom  pairs and   136500 atom  exclusions.
 There are        0 group pairs and        0 group exclusions.
 Generating nonbond list with Exclusion mode = 5
 == PRIMARY == SPACE FOR 17337134 ATOM PAIRS AND        0 GROUP PAIRS
 == IMAGES === SPACE FOR  4883348 ATOM PAIRS AND        0 GROUP PAIRS
Using Image CUBE search
  NBNDGCM found:
    13336257  atom pairs
     3756422  image atom pairs
           0  self atom pairs
    13336257 total atom  pairs
     3756422 total image pairs


 STEEPD> An energy minimization has been requested.

 NSTEP  =          200   NPRINT =           10
 STEP   =    0.0200000   TOLFUN =    0.0000000
 TOLGRD =    0.0000000   TOLSTP =    0.0000000

MINI MIN: Cycle      ENERgy      Delta-E         GRMS    Step-size
MINI INTERN:          BONDs       ANGLes       UREY-b    DIHEdrals    IMPRopers
MINI EXTERN:        VDWaals         ELEC       HBONds          ASP         USER
MINI IMAGES:        IMNBvdw       IMELec       IMHBnd       RXNField    EXTElec
MINI EWALD:          EWKSum       EWSElf       EWEXcl       EWQCor       EWUTil
 ----------       ---------    ---------    ---------    ---------    ---------
MINI>        0 16975541166.  -254353519.  4301487632.           0.
MINI INTERN>     6369.07864  42151.39152 151964.31202    966.53244      0.00895
MINI EXTERN>    15265.26630  -3418.70651      0.00000      0.00000      0.00000
MINI IMAGES>   16975349296.        -199.           0.           0.           0.
MINI EWALD>      15073.9362-6070322.2788 6034019.0748       0.0000       0.0000
 ----------       ---------    ---------    ---------    ---------    ---------
 UPDECI: Image update at step         6

 <MKIMAT2>: updating the image atom lists and remapping
 Transformation   Atoms  Groups  Residues  Min-Distance
    1  C001 has     172       9       9        4.49
    2  C002 has    1232      68      68        1.36
    3  C003 has      92       5       5        1.36
    4  C004 has    1128      61      61        0.34
    5  C005 has    5800     318     318        0.00
    6  C006 has    1144      63      63        0.34
    7  C007 has    1192      67      67        0.00
    8  C008 has    5744     320     320        0.00
    9  C009 has    1092      61      61        0.97
   10  C010 has    5920     326     326        0.00
   12  C012 has     164       9       9        3.08
   13  C013 has    1200      67      67        0.00
   14  C014 has     228      13      13        4.99
 Total of43108 atoms and 2387 groups and 2387 residues were included

 <MAKGRP> found      0 image group exclusions.
 UPDECI: Nonbond update at step         6
 Generating nonbond list with Exclusion mode = 5
 == PRIMARY == SPACE FOR 17337134 ATOM PAIRS AND        0 GROUP PAIRS
 == IMAGES === SPACE FOR  4883348 ATOM PAIRS AND        0 GROUP PAIRS
Using Image CUBE search
  NBNDGCM found:
    13345531  atom pairs
     3746762  image atom pairs
           0  self atom pairs
    13345531 total atom  pairs
     3746762 total image pairs
 UPDECI: Image update at step         7

 <MKIMAT2>: updating the image atom lists and remapping
 Transformation   Atoms  Groups  Residues  Min-Distance
    1  C001 has     172       9       9        4.50
    2  C002 has    1232      68      68        1.36
    3  C003 has      92       5       5        1.36
    4  C004 has    1128      61      61        0.34
    5  C005 has    5800     318     318        0.00
    6  C006 has    1144      63      63        0.34
    7  C007 has    1192      67      67        0.00
    8  C008 has    5744     320     320        0.00
    9  C009 has    1092      61      61        0.97
   10  C010 has    5920     326     326        0.00
   12  C012 has     164       9       9        3.14
   13  C013 has    1200      67      67        0.00
   14  C014 has     228      13      13        5.04
 Total of43108 atoms and 2387 groups and 2387 residues were included

 <MAKGRP> found      0 image group exclusions.
 UPDECI: Nonbond update at step         7
 Generating nonbond list with Exclusion mode = 5
 == PRIMARY == SPACE FOR 17337134 ATOM PAIRS AND        0 GROUP PAIRS
 == IMAGES === SPACE FOR  4883348 ATOM PAIRS AND        0 GROUP PAIRS
Using Image CUBE search
  NBNDGCM found:
    13345586  atom pairs
     3746759  image atom pairs
           0  self atom pairs
    13345586 total atom  pairs
     3746759 total image pairs
 UPDECI: Image update at step         8

 <MKIMAT2>: updating the image atom lists and remapping
 Transformation   Atoms  Groups  Residues  Min-Distance
    1  C001 has     172       9       9        4.51
    2  C002 has    1232      68      68        1.36
    3  C003 has      92       5       5        1.37
    4  C004 has    1128      61      61        0.34
    5  C005 has    5800     318     318        0.00
    6  C006 has    1144      63      63        0.36
    7  C007 has    1192      67      67        0.00
    8  C008 has    5744     320     320        0.00
    9  C009 has    1092      61      61        0.99
   10  C010 has    5920     326     326        0.00
   12  C012 has     164       9       9        3.19
   13  C013 has    1200      67      67        0.00
   14  C014 has     228      13      13        5.10
 Total of43108 atoms and 2387 groups and 2387 residues were included

 <MAKGRP> found      0 image group exclusions.
 UPDECI: Nonbond update at step         8
 Generating nonbond list with Exclusion mode = 5
 == PRIMARY == SPACE FOR 17337134 ATOM PAIRS AND        0 GROUP PAIRS
 == IMAGES === SPACE FOR  4883348 ATOM PAIRS AND        0 GROUP PAIRS
Using Image CUBE search
  NBNDGCM found:
    13346070  atom pairs
     3746339  image atom pairs
           0  self atom pairs
    13346070 total atom  pairs
     3746339 total image pairs
 UPDECI: Image update at step         9

 <MKIMAT2>: updating the image atom lists and remapping
 Transformation   Atoms  Groups  Residues  Min-Distance
    1  C001 has     172       9       9        4.51
    2  C002 has    1232      68      68        1.36
    3  C003 has      92       5       5        1.37
    4  C004 has    1128      61      61        0.34
    5  C005 has    5800     318     318        0.00
    6  C006 has    1144      63      63        0.36
    7  C007 has    1192      67      67        0.00
    8  C008 has    5744     320     320        0.00
    9  C009 has    1092      61      61        0.99
   10  C010 has    5920     326     326        0.00
   12  C012 has     164       9       9        3.19
   13  C013 has    1200      67      67        0.00
   14  C014 has     228      13      13        5.10
 Total of43108 atoms and 2387 groups and 2387 residues were included

 <MAKGRP> found      0 image group exclusions.
 UPDECI: Nonbond update at step         9
 Generating nonbond list with Exclusion mode = 5
 == PRIMARY == SPACE FOR 17337134 ATOM PAIRS AND        0 GROUP PAIRS
 == IMAGES === SPACE FOR  4883348 ATOM PAIRS AND        0 GROUP PAIRS
Using Image CUBE search
  NBNDGCM found:
    13345982  atom pairs
     3746393  image atom pairs
           0  self atom pairs
    13345982 total atom  pairs
     3746393 total image pairs
 EPHI: WARNING. bent improper torsion angle is 

far from minimum for;
    IPHI=  275  with deltaPHI=  84.5653 MIN=   0.0000 ATOMS:14392143871439414385
 EPHI: WARNING. bent improper torsion angle is 

far from minimum for;
    IPHI=  275  with deltaPHI=  84.5627 MIN=   0.0000 ATOMS:14392143871439414385
MINI>       10      208337. 16975332829.          83.           0.
MINI INTERN>    30269.89869  43636.21090 152163.29337   1472.29153    296.38657
MINI EXTERN>    12057.84204  -5904.14747      0.00000      0.00000      0.00000
MINI IMAGES>     4242.17919    741.88540      0.00000      0.00000      0.00000
MINI EWALD>       8171.5403-6070322.2788 6031512.0675       0.0000       0.0000
 ----------       ---------    ---------    ---------    ---------    ---------
 EPHI: WARNING. bent improper torsion angle is 

far from minimum for;
    IPHI=   37  with deltaPHI=-171.6864 MIN=   0.0000 ATOMS: 3584 3579 3586 3577
 EPHI: WARNING. bent improper torsion angle is 

far from minimum for;
    IPHI=   37  with deltaPHI= -98.9950 MIN=   0.0000 ATOMS: 3584 3579 3586 3577
MINI>       20 178152.82891  30184.34030     13.24178      0.00167
MINI INTERN>    13288.89629  43224.69315 151288.51900   1435.42250     81.26049
MINI EXTERN>     8766.55752  -9673.14852      0.00000      0.00000      0.00000
MINI IMAGES>     1639.88908   -300.06940      0.00000      0.00000      0.00000
MINI EWALD>       6632.4725-6070322.2788 6032090.6151       0.0000       0.0000
 ----------       ---------    ---------    ---------    ---------    ---------
MINI>       30 176411.43593   1741.39299     27.29668      0.00180
MINI INTERN>    13876.71842  43261.83171 151146.89132   1483.84818    155.02691
MINI EXTERN>     8043.27605 -11044.37667      0.00000      0.00000      0.00000
MINI IMAGES>     1432.21411   -244.54168      0.00000      0.00000      0.00000
MINI EWALD>       6550.9838-6070322.2788 6032071.8426       0.0000       0.0000
 ----------       ---------    ---------    ---------    ---------    ---------
MINI>       40 174802.93870   1608.49722      6.81955      0.00034
MINI INTERN>    13764.04983  43289.45122 151011.16568   1501.40198     94.27417
MINI EXTERN>     7712.88665 -11903.31806      0.00000      0.00000      0.00000
MINI IMAGES>     1334.13507   -245.51288      0.00000      0.00000      0.00000
MINI EWALD>       6511.0278-6070322.2788 6032055.6560       0.0000       0.0000
 ----------       ---------    ---------    ---------    ---------    ---------
MINI>       50 174160.33741    642.60129      6.43954      0.00036
MINI INTERN>    13680.56983  43310.95334 150921.44635   1521.21468     99.36939
MINI EXTERN>     7437.28485 -12017.84073      0.00000      0.00000      0.00000
MINI IMAGES>     1258.71249   -244.51634      0.00000      0.00000      0.00000
MINI EWALD>       6479.6799-6070322.2788 6032035.7425       0.0000       0.0000
 ----------       ---------    ---------    ---------    ---------    ---------
MINI>       60 173732.37851    427.95890     13.42103      0.00039
MINI INTERN>    13552.43358  43341.33545 150837.45969   1539.68022    104.25377
MINI EXTERN>     7190.31768 -11928.88151      0.00000      0.00000      0.00000
MINI IMAGES>     1194.36538   -244.59448      0.00000      0.00000      0.00000
MINI EWALD>       6449.9851-6070322.2788 6032018.3024       0.0000       0.0000
 ----------       ---------    ---------    ---------    ---------    ---------
MINI>       70 173174.80197    557.57653      7.96710      0.00042
MINI INTERN>    13331.35562  43383.48348 150759.09713   1554.52580    108.39090
MINI EXTERN>     6991.62274 -11961.35998      0.00000      0.00000      0.00000
MINI IMAGES>     1144.19916   -245.28035      0.00000      0.00000      0.00000
MINI EWALD>       6423.7227-6070322.2788 6032007.3236       0.0000       0.0000
 ----------       ---------    ---------    ---------    ---------    ---------
MINI>       80 172551.01180    623.79017     13.61789      0.00045
MINI INTERN>    13046.27792  43438.24776 150682.20997   1571.30774    113.11009
MINI EXTERN>     6777.51375 -11986.73789      0.00000      0.00000      0.00000
MINI IMAGES>     1091.01498   -248.45577      0.00000      0.00000      0.00000
MINI EWALD>       6394.3610-6070322.2788 6031994.4411       0.0000       0.0000
 ----------       ---------    ---------    ---------    ---------    ---------
MINI>       90 172166.05194    384.95987     15.41865      0.00048
MINI INTERN>    12930.42955  43472.43052 150620.16273   1584.78375    117.09097
MINI EXTERN>     6607.40803 -11997.63053      0.00000      0.00000      0.00000
MINI IMAGES>     1049.31111   -250.76135      0.00000      0.00000      0.00000
MINI EWALD>       6369.9488-6070322.2788 6031985.1572       0.0000       0.0000
 ----------       ---------    ---------    ---------    ---------    ---------
 UPDECI: Image update at step       100

 <MKIMAT2>: updating the image atom lists and remapping
 Transformation   Atoms  Groups  Residues  Min-Distance
    1  C001 has     172       9       9        4.43
    2  C002 has    1232      68      68        1.27
    3  C003 has      92       5       5        1.30
    4  C004 has    1128      61      61        0.19
    5  C005 has    5820     319     319        0.00
    6  C006 has    1144      63      63        0.42
    7  C007 has    1192      67      67        0.00
    8  C008 has    5744     320     320        0.00
    9  C009 has    1076      60      60        1.00
   10  C010 has    5920     326     326        0.00
   12  C012 has     164       9       9        3.18
   13  C013 has    1200      67      67        0.00
   14  C014 has     228      13      13        5.16
 Total of43112 atoms and 2387 groups and 2387 residues were included

 <MAKGRP> found      0 image group exclusions.
 UPDECI: Nonbond update at step       100
 Generating nonbond list with Exclusion mode = 5
 == PRIMARY == SPACE FOR 17337134 ATOM PAIRS AND        0 GROUP PAIRS
 == IMAGES === SPACE FOR  4883348 ATOM PAIRS AND        0 GROUP PAIRS
Using Image CUBE search
  NBNDGCM found:
    13349635  atom pairs
     3742096  image atom pairs
           0  self atom pairs
    13349635 total atom  pairs
     3742096 total image pairs
MINI>      100 171881.50170    284.55024     16.25301      0.00052
MINI INTERN>    12886.46624  43498.79867 150568.46294   1596.89735    120.70228
MINI EXTERN>     6455.64392 -12007.70465      0.00000      0.00000      0.00000
MINI IMAGES>     1011.63247   -252.63114      0.00000      0.00000      0.00000
MINI EWALD>       6347.0263-6070322.2788 6031978.4861       0.0000       0.0000
 ----------       ---------    ---------    ---------    ---------    ---------
MINI>      110 171516.56669    364.93501      6.93816      0.00023
MINI INTERN>    12896.88584  43521.60601 150513.33414   1608.28661    124.18273
MINI EXTERN>     6312.33421 -12154.60330      0.00000      0.00000      0.00000
MINI IMAGES>      974.89676   -256.04056      0.00000      0.00000      0.00000
MINI EWALD>       6324.2444-6070322.2788 6031973.7187       0.0000       0.0000
 ----------       ---------    ---------    ---------    ---------    ---------
MINI>      120 171293.82773    222.73896      8.14326      0.00025
MINI INTERN>    12894.16801  43538.83267 150472.29344   1618.63775    127.36995
MINI EXTERN>     6181.09879 -12175.26140      0.00000      0.00000      0.00000
MINI IMAGES>      943.23830   -256.71860      0.00000      0.00000      0.00000
MINI EWALD>       6304.6669-6070322.2788 6031967.7808       0.0000       0.0000
 ----------       ---------    ---------    ---------    ---------    ---------
MINI>      130 171083.84680    209.98093      9.10307      0.00027
MINI INTERN>    12887.38060  43553.95480 150436.82657   1628.51152    130.43041
MINI EXTERN>     6054.25117 -12189.49846      0.00000      0.00000      0.00000
MINI IMAGES>      913.28792   -256.72065      0.00000      0.00000      0.00000
MINI EWALD>       6286.0353-6070322.2788 6031961.6665       0.0000       0.0000
 ----------       ---------    ---------    ---------    ---------    ---------
MINI>      140 170886.03615    197.81065      9.60999      0.00029
MINI INTERN>    12891.11715  43565.23314 150401.27393   1637.68648    133.28643
MINI EXTERN>     5936.19531 -12209.22120      0.00000      0.00000      0.00000
MINI IMAGES>      885.36539   -256.93679      0.00000      0.00000      0.00000
MINI EWALD>       6268.5485-6070322.2788 6031955.7666       0.0000       0.0000
 ----------       ---------    ---------    ---------    ---------    ---------
MINI>      150 170698.68065    187.35550     10.24577      0.00031
MINI INTERN>    12889.55112  43576.54870 150373.06212   1646.35511    135.98798
MINI EXTERN>     5823.03258 -12227.98459      0.00000      0.00000      0.00000
MINI IMAGES>      859.08584   -256.61389      0.00000      0.00000      0.00000
MINI EWALD>       6251.6799-6070322.2788 6031950.2546       0.0000       0.0000
 ----------       ---------    ---------    ---------    ---------    ---------
MINI>      160 170532.76123    165.91942     11.40729      0.00033
MINI INTERN>    12886.59938  43586.00441 150349.29123   1654.17379    138.41815
MINI EXTERN>     5719.47840 -12239.15690      0.00000      0.00000      0.00000
MINI IMAGES>      835.12298   -256.24473      0.00000      0.00000      0.00000
MINI EWALD>       6236.2019-6070322.2788 6031945.1514       0.0000       0.0000
 ----------       ---------    ---------    ---------    ---------    ---------
MINI>      170 170375.10389    157.65734     12.31146      0.00036
MINI INTERN>    12889.24464  43593.05528 150325.55039   1661.49121    140.69005
MINI EXTERN>     5621.74683 -12252.46536      0.00000      0.00000      0.00000
MINI IMAGES>      812.47068   -256.13640      0.00000      0.00000      0.00000
MINI EWALD>       6221.4471-6070322.2788 6031940.2883       0.0000       0.0000
 ----------       ---------    ---------    ---------    ---------    ---------
MINI>      180 170172.01023    203.09365      3.50911      0.00016
MINI INTERN>    12869.48041  43593.75318 150301.86344   1668.21844    142.72163
MINI EXTERN>     5532.75298 -12295.19000      0.00000      0.00000      0.00000
MINI IMAGES>      792.35320   -255.06053      0.00000      0.00000      0.00000
MINI EWALD>       6208.8555-6070322.2788 6031934.5408       0.0000       0.0000
 ----------       ---------    ---------    ---------    ---------    ---------
MINI>      190 170022.95417    149.05606      3.55028      0.00017
MINI INTERN>    12866.47525  43598.16879 150283.32625   1674.57134    144.66894
MINI EXTERN>     5445.19517 -12310.38963      0.00000      0.00000      0.00000
MINI IMAGES>      772.28150   -254.75782      0.00000      0.00000      0.00000
MINI EWALD>       6195.6092-6070322.2788 6031930.0839       0.0000       0.0000
 ----------       ---------    ---------    ---------    ---------    ---------
MINI>      200 169881.87972    141.07445      3.45773      0.00019
MINI INTERN>    12863.31473  43601.45729 150266.71566   1680.44473    146.45775
MINI EXTERN>     5362.72933 -12324.88927      0.00000      0.00000      0.00000
MINI IMAGES>      753.42359   -254.47511      0.00000      0.00000      0.00000
MINI EWALD>       6183.0608-6070322.2788 6031925.9191       0.0000       0.0000
 ----------       ---------    ---------    ---------    ---------    ---------

 STEEPD> Minimization exiting with number of steps limit (       200) exceeded.

STPD MIN: Cycle      ENERgy      Delta-E         GRMS    Step-size
STPD INTERN:          BONDs       ANGLes       UREY-b    DIHEdrals    IMPRopers
STPD EXTERN:        VDWaals         ELEC       HBONds          ASP         USER
STPD IMAGES:        IMNBvdw       IMELec       IMHBnd       RXNField    EXTElec
STPD EWALD:          EWKSum       EWSElf       EWEXcl       EWQCor       EWUTil
 ----------       ---------    ---------    ---------    ---------    ---------
STPD>      200 169881.87972    141.07445      3.45773      0.00022
STPD INTERN>    12863.31473  43601.45729 150266.71566   1680.44473    146.45775
STPD EXTERN>     5362.72933 -12324.88927      0.00000      0.00000      0.00000
STPD IMAGES>      753.42359   -254.47511      0.00000      0.00000      0.00000
STPD EWALD>       6183.0608-6070322.2788 6031925.9191       0.0000       0.0000
 ----------       ---------    ---------    ---------    ---------    ---------
  
 CHARMM>    !mini abnr nstep 3000
 CHARMM>     
  
 CHARMM>    open  unit 10 write form name "./im1h_oac_150_im1_hoac_350_lp.crd"
 VOPEN> Attempting to open::./im1h_oac_150_im1_hoac_350_lp.crd::
 OPNLGU> Unit 10 opened for WRITE access to ./im1h_oac_150_im1_hoac_350_lp.crd
  
 CHARMM>    write unit 10 coor card
 RDTITL> CLOSE UNIT 10
 RDTITL> No title read.
 VCLOSE: Closing unit   10 with status "KEEP"
  
 CHARMM>    close unit 10
 CLOLGU>  *****  WARNING  ***** Attempt to close unit that was not open.
  
 CHARMM>     
  
 CHARMM>    open unit 10 write form name "./im1h_oac_150_im1_hoac_350_lp.psf"
 VOPEN> Attempting to open::./im1h_oac_150_im1_hoac_350_lp.psf::
 OPNLGU> Unit 10 opened for WRITE access to ./im1h_oac_150_im1_hoac_350_lp.psf
  
 CHARMM>    write unit 10 psf xplor card
 RDTITL> CLOSE UNIT 10
 RDTITL> No title read.
  
 CHARMM>    close unit 10
 VCLOSE: Closing unit   10 with status "KEEP"
  
 CHARMM>     
  
 CHARMM>    stop
      $$$$$$  New timer profile Local node$$$$$
   Shake Setup                     0.01 Other:            0.00
   Shake time                      0.18 Other:            0.00
      Image Update                    0.01 Other:            0.00
      xdistm setup                    0.00 Other:            0.00
      xdistm Build list               2.80 Other:            0.00
      Heuristic check                 0.00 Other:            0.00
      NBONDS                          1.75 Other:            0.00
   List time                       4.56 Other:            0.00
            Direct Ewald time              49.39 Other:            0.00
         Ewald time                     50.08 Other:            0.69
      Nonbond force                  51.15 Other:            1.07
         Bond energy                     0.06 Other:            0.00
         Angle energy                    0.18 Other:            0.00
         Dihedral energy                 0.22 Other:            0.00
         Restraints energy               0.00 Other:            0.00
      INTRNL energy                   0.49 Other:            0.03
      Comm energy                     0.00 Other:            0.00
      Comm force                      0.00 Other:            0.00
         Fill charge grid                0.34 Other:            0.00
         Scalar sum                      0.03 Other:            0.00
         Grad sum                        0.22 Other:            0.00
            FFTcomm                         0.03 Other:            0.00
         FFT                             0.08 Other:            0.06
      Recip Ewald time                0.69 Other:            0.02
   Energy time                    52.32 Other:            0.00
 Total time                     57.07 Other:            0.00
         $$$$$$  Average   profile $$$$$
   Shake Setup                     0.01 Other:            0.00
   Shake time                      0.18 Other:            0.00
      Image Update                    0.01 Other:            0.00
      xdistm setup                    0.00 Other:            0.00
      xdistm Build list               2.80 Other:            0.00
      Heuristic check                 0.00 Other:            0.00
      NBONDS                          1.75 Other:            0.00
   List time                       4.56 Other:            0.00
            Direct Ewald time              49.39 Other:            0.00
         Ewald time                     50.08 Other:            0.69
      Nonbond force                  51.15 Other:            1.07
         Bond energy                     0.06 Other:            0.00
         Angle energy                    0.18 Other:            0.00
         Dihedral energy                 0.22 Other:            0.00
         Restraints energy               0.00 Other:            0.00
      INTRNL energy                   0.49 Other:            0.03
      Comm energy                     0.00 Other:            0.00
      Comm force                      0.00 Other:            0.00
         Fill charge grid                0.34 Other:            0.00
         Scalar sum                      0.03 Other:            0.00
         Grad sum                        0.22 Other:            0.00
            FFTcomm                         0.03 Other:            0.00
         FFT                             0.08 Other:            0.06
      Recip Ewald time                0.69 Other:            0.02
   Energy time                    52.32 Other:            0.00
 Total time                     57.07 Other:            0.00

                    NORMAL TERMINATION BY NORMAL STOP
                    MOST SEVERE WARNING WAS AT LEVEL  2

                    $$$$$ JOB ACCOUNTING INFORMATION $$$$$
                     ELAPSED TIME:    55.70  SECONDS 
                         CPU TIME:     1.27  MINUTES 
