1
                 Chemistry at HARvard Macromolecular Mechanics
           (CHARMM) - Developmental Version 43a1     August 15, 2017            
       Copyright(c) 1984-2014  President and Fellows of Harvard College
                              All Rights Reserved
  Current operating system: Linux-4.9.0-16-amd64(x86_64)@sheet.mdy.univie.ac.   
                 Created on 12/9/21 at 13:06:23 by user: florian     

            Maximum number of ATOMS:    360720, and RESidues:      120240
 RDTITL> *~~~~~~~~~~~~~~~~~~~~~~~~~~~~~~~~~~~~~~~~~~~~~~~~~~~~~~~~~~~~~~~~~~~~~~~
 RDTITL> *~ MINIMIZATION OF PACKMOL STRUCTURE
 RDTITL> *~~~~~~~~~~~~~~~~~~~~~~~~~~~~~~~~~~~~~~~~~~~~~~~~~~~~~~~~~~~~~~~~~~~~~~~
 RDTITL> *
  
 CHARMM>    ioformat extended
 MISCOM> Expanded I/O format is used.
  
 CHARMM>    !=======================================================================
 CHARMM>    ! Force field
 CHARMM>    !=======================================================================
 CHARMM>    !set TOPPAR /site/raid2/florian/str/scaled_lj
 CHARMM>    set TOPPAR ../toppar
 Parameter: TOPPAR <- "../TOPPAR"
  
 CHARMM>    stream @TOPPAR/toppar_drude_master_protein_2013f_lj02.str
 Parameter: TOPPAR -> "../TOPPAR"
 VOPEN> Attempting to open::../toppar/toppar_drude_master_protein_2013f_lj02.str::
 OPNLGU> Unit 99 opened for READONLY access to ../toppar/toppar_drude_master_protein_2013f_lj02.str

                    INPUT STREAM SWITCHING TO UNIT    99
 RDTITL> * DRUDE MASTER TOPOLOGY AND PARAMETER STREAM FILE
 RDTITL> * INCLUDES WATER, IONS AND 2013 PROTEIN FF RELEASE
 RDTITL> * IONS UPDATED, JUNE 2018
 RDTITL> * NUCLEIC ACID/CARBOHYDRATE/LIPID UPDATE JANUARY 2017
 RDTITL> * JUNE 2018
 RDTITL> *
 Parameter: IN1 <- "" <empty>
  
 CHARMM>     
  
 CHARMM>    ioformat extended
 MISCOM> Expanded I/O format is used.
  
 CHARMM>     
  
 CHARMM>    !This file must be streamed prior to additional Drude FF toppar stream files
 CHARMM>    !and it includes parameters for the model compounds (toppar_drude_model*.str)
 CHARMM>     
  
 CHARMM>    !references
 CHARMM>    !
 CHARMM>    !Proteins
 CHARMM>    !Lopes, P.E.M., Huang, J., Shim, J., Luo, Y., Li, H., Roux, B., and
 CHARMM>    !MacKerell, A.D., Jr., "Polarizable Force Field for Peptides and
 CHARMM>    !Proteins based on the Classical Drude Oscillator," Journal of
 CHARMM>    !Chemical Theory and Computation, 9: 5430-5449, 2013 DOI:
 CHARMM>    !10.1021/ct400781b, NIHMS53671
 CHARMM>    !
 CHARMM>    !water
 CHARMM>    !SWM4-NDP, negative Drude (this will be the default model): Lamoureux,
 CHARMM>    !G., Harder, E., Vorobyov, I.V., Deng, Y., Roux, B. MacKerell, A.D.,
 CHARMM>    !Jr., A polarizable model of water for molecular dynamics simulations
 CHARMM>    !of biomolecules, Chemical Physics Letters, 2006, 418: 245-249.
 CHARMM>    !
 CHARMM>    !SWM6: Wenbo Yu, Pedro E. M. Lopes, Benoit Roux and Alexander
 CHARMM>    !D. MacKerell, Jr.  "Six-site Polarizable Model of Water Based on the
 CHARMM>    !Classical Drude Oscillator" Journal of Chemical Physics, 138: 034508,
 CHARMM>    !2013
 CHARMM>     
  
 CHARMM>    !atomic ions
 CHARMM>    !Yu, H., Whitfield, T.W., Harder, E., Lamoureux, G., Vorobyov, I.,
 CHARMM>    !Anisimov, V. M., MacKerell, A.D., Jr., and Roux, B. "Simulating
 CHARMM>    !Monovalent and Divalent Ions in Aqueous Solution Using a Drude
 CHARMM>    !Polarizable Force Field," Journal of Chemical Theory and Computation,
 CHARMM>    !6: 774-786, 2010
 CHARMM>    !
 CHARMM>    !Luo, Y., Jiang, W., Yu, H., MacKerell, A.D., Jr., and Roux, B.,
 CHARMM>    !"Simulation study of ion pairing in concentrated aqueous salt
 CHARMM>    !solutions with a polarizable force field," Faraday Discussions, 160,
 CHARMM>    !135-149, 2013, PMC3695446
 CHARMM>    !
 CHARMM>    !Lemkul, J.A. and MacKerell, A.D., Jr. "Balancing the Interactions of
 CHARMM>    !Mg2+ in Aqueous Solution and with Nucleic Acid Moieties For a Polarizable
 CHARMM>    !Force Field Based on the Classical Drude Oscillator Model," J. Phys. Chem B,
 CHARMM>    !120, 11436-11448, 2016, PMC5148688
 CHARMM>     
  
 CHARMM>    ! note use of D for second character to indicate Drude
 CHARMM>    ! polarizable FF (be careful of Cadmium: use CDM)
 CHARMM>     
  
 CHARMM>    ! Parameter labeling after !
 CHARMM>    ! RESName, generic compound name of model compound followed by additional comments
 CHARMM>    ! for example ! BENZ, benzene, based on crystal survey data
 CHARMM>     
  
 CHARMM>    !Formatting information
 CHARMM>    !RTF section: please use the following format for future residues, including the spacing
 CHARMM>    !(and please clean a few up of the residues not in this format if you so desire....)
 CHARMM>     
  
 CHARMM>    !RESI ALA           0.000
 CHARMM>    !ATOM N    ND2A2   -0.427  ALPHA -1.056  THOLE 0.711
 CHARMM>    !BOND A1     A2     A3     A4     A5     A6     A7     A8
 CHARMM>    !IMPR A1     A2     A3     A4
 CHARMM>    !CMAP A1     A2     A3     A4     A1     A2     A3     A4
 CHARMM>    !LONEPAIR relative A1       A2       A3      A4       distance 0.30 angle 91.00 dihe 180.00
 CHARMM>    !ANISOTROPY        A1       A2       A3      A4       A11 0.6968  A22 1.2194
 CHARMM>    !IC A1     A2     A3     A4       1.3474  124.31  180.00  114.26   0.9979
 CHARMM>     
  
 CHARMM>    !parameter section
 CHARMM>    !bond
 CHARMM>    !CD32E    OD30A    360.00      1.415 ! comment
 CHARMM>    !angles
 CHARMM>    !HDA1A    CD31A    CD31A     34.50    110.10 ! comment
 CHARMM>    !HDA1A    CD31A    CD31A     34.50    110.10   22.53   2.1790 ! comment
 CHARMM>    !dihedrals
 CHARMM>    !CD2O1A   ND2A2    CD31C    CD2O2A      0.000   3   180.00 ! comment
 CHARMM>    !impropers
 CHARMM>    !CD2O1A   CD31A    ND2A2    OD2C1A    120.000   0     0.00 ! comment
 CHARMM>    !nonbond (LJ)
 CHARMM>    !HDW      0.0   -0.0000     0.0000 ! comment
 CHARMM>    !nbfix
 CHARMM>    !CD30A   ODW    -0.00500	 4.04699 ! comment
 CHARMM>     
  
 CHARMM>    !ioformat extended
 CHARMM>     
  
 CHARMM>    read rtf card !append
 MAINIO> Residue topology file being read from unit  99.
 RDTITL> * TOPOLOGY FOR DRUDE WATER, IONS AND PROTEINS
 RDTITL> *

 DRUDES PARTICLES WILL BE GENERATED AUTOMATICALLY FOR ALL ATOMS WITH NON-ZERO ALPHA
 Thole-type dipole screening, Slater-Delta shape {S(u) = 1 - (1+u/2)*exp(-u)}, default radius =  1.300000
  
 CHARMM>     
  
 CHARMM>    read para card !append

          PARAMETER FILE BEING READ FROM UNIT 99
 RDTITL> * DRUDE POLARIZABLE FF PARAMETERS
 RDTITL> *

 PARRDR> WARNING: ATOMS IN BOND X        DRUD     1000.00000   0.00000 DONT EXIST
 PARMIO> NONBOND, HBOND lists and IMAGE atoms cleared.
  
 CHARMM>     
  
 VCLOSE: Closing unit   99 with status "KEEP"

                    RETURNING TO INPUT STREAM     5
  
 CHARMM>    stream @TOPPAR/im1h_d_fm_lj_chelpg.str
 Parameter: TOPPAR -> "../TOPPAR"
 VOPEN> Attempting to open::../toppar/im1h_d_fm_lj_chelpg.str::
 OPNLGU> Unit 99 opened for READONLY access to ../toppar/im1h_d_fm_lj_chelpg.str

                    INPUT STREAM SWITCHING TO UNIT    99
 RDTITL> * TOPPAR STREAM FILE GENERATED BY FFPARAM CGENFFTOCONVERTER
 RDTITL> * FOR USE WITH DRUDE FORCE FIELD
 RDTITL> *
 Parameter: IN1 <- "" <empty>
  
 CHARMM>     
  
 CHARMM>    ioformat extended
 MISCOM> Expanded I/O format is used.
  
 CHARMM>     
  
 CHARMM>    read rtf card append
 MAINIO> Residue topology file being read from unit  99.
 RDTITL> * TOPOLOGIES GENERATED BY FFPARAM CGENFFTOCONVERTER
 RDTITL> * FOR USE WITH DRUDE FORCE FIELD
 RDTITL> *

 DRUDES PARTICLES WILL BE GENERATED AUTOMATICALLY FOR ALL ATOMS WITH NON-ZERO ALPHA
 Thole-type dipole screening, Slater-Delta shape {S(u) = 1 - (1+u/2)*exp(-u)}, default radius =  1.300000
  
 CHARMM>     
  
 CHARMM>     
  
 CHARMM>    read param card append

          PARAMETER FILE BEING READ FROM UNIT 99
 RDTITL> * PARAMETERS GENERATED BY FFPARAM CGENFFTOCONVERTER
 RDTITL> * FOR USE WITH DRUDE FORCE FIELD
 RDTITL> *
 PARMIO> NONBOND, HBOND lists and IMAGE atoms cleared.
  
 CHARMM>    RETURN
 VCLOSE: Closing unit   99 with status "KEEP"

                    RETURNING TO INPUT STREAM     5
  
 CHARMM>    stream @TOPPAR/oac_d_lj.str
 Parameter: TOPPAR -> "../TOPPAR"
 VOPEN> Attempting to open::../toppar/oac_d_lj.str::
 OPNLGU> Unit 99 opened for READONLY access to ../toppar/oac_d_lj.str

                    INPUT STREAM SWITCHING TO UNIT    99
 RDTITL> * TOPPAR STREAM FILE COPIED FROM
 RDTITL> * /SITE/RAID9/FLORIAN/IM1H_OAC_500/DRUDE_TOPPAR/TOPPAR_DRUDE_MODEL_2013F.STR
 RDTITL> *
 Parameter: IN1 <- "" <empty>
  
 CHARMM>     
  
 CHARMM>    ioformat extended
 MISCOM> Expanded I/O format is used.
  
 CHARMM>     
  
 CHARMM>    read rtf card append
 MAINIO> Residue topology file being read from unit  99.
 RDTITL> * TOPOLOGIES COPIED
 RDTITL> * FOR USE WITH DRUDE FORCE FIELD
 RDTITL> *

 DRUDES PARTICLES WILL BE GENERATED AUTOMATICALLY FOR ALL ATOMS WITH NON-ZERO ALPHA
 Thole-type dipole screening, Slater-Delta shape {S(u) = 1 - (1+u/2)*exp(-u)}, default radius =  1.300000
  
 CHARMM>     
  
 CHARMM>    read param card append

          PARAMETER FILE BEING READ FROM UNIT 99
 RDTITL> * PARAMETERS GENERATED BY FFPARAM CGENFFTOCONVERTER
 RDTITL> * FOR USE WITH DRUDE FORCE FIELD
 RDTITL> *
 PARMIO> NONBOND, HBOND lists and IMAGE atoms cleared.
  
 CHARMM>    RETURN
 VCLOSE: Closing unit   99 with status "KEEP"

                    RETURNING TO INPUT STREAM     5
  
 CHARMM>    stream @TOPPAR/im1_d_fm_lj_chelpg_withlp.str
 Parameter: TOPPAR -> "../TOPPAR"
 VOPEN> Attempting to open::../toppar/im1_d_fm_lj_chelpg_withlp.str::
 OPNLGU> Unit 99 opened for READONLY access to ../toppar/im1_d_fm_lj_chelpg_withlp.str

                    INPUT STREAM SWITCHING TO UNIT    99
 RDTITL> * TOPPAR STREAM FILE GENERATED BY FFPARAM CGENFFTOCONVERTER
 RDTITL> * FOR USE WITH DRUDE FORCE FIELD
 RDTITL> *
 Parameter: IN1 <- "" <empty>
  
 CHARMM>     
  
 CHARMM>    ioformat extended
 MISCOM> Expanded I/O format is used.
  
 CHARMM>     
  
 CHARMM>    read rtf card append
 MAINIO> Residue topology file being read from unit  99.
 RDTITL> * TOPOLOGIES GENERATED BY FFPARAM CGENFFTOCONVERTER
 RDTITL> * FOR USE WITH DRUDE FORCE FIELD
 RDTITL> *

 DRUDES PARTICLES WILL BE GENERATED AUTOMATICALLY FOR ALL ATOMS WITH NON-ZERO ALPHA
 Thole-type dipole screening, Slater-Delta shape {S(u) = 1 - (1+u/2)*exp(-u)}, default radius =  1.300000
 **** WARNING from RTFRDR **** The total charge of the residue, IM1 ,  -0.4740000,
 does not equal the expected charge,   0.0000000.
 There were   1 warning(s) from RTFRDR.
  
 CHARMM>     
  
 CHARMM>     
  
 CHARMM>    read param card append

          PARAMETER FILE BEING READ FROM UNIT 99
 RDTITL> * PARAMETERS GENERATED BY FFPARAM CGENFFTOCONVERTER
 RDTITL> * FOR USE WITH DRUDE FORCE FIELD
 RDTITL> *
 PARMIO> NONBOND, HBOND lists and IMAGE atoms cleared.
  
 CHARMM>    RETURN
 VCLOSE: Closing unit   99 with status "KEEP"

                    RETURNING TO INPUT STREAM     5
  
 CHARMM>    stream @TOPPAR/hoac_d.str
 Parameter: TOPPAR -> "../TOPPAR"
 VOPEN> Attempting to open::../toppar/hoac_d.str::
 OPNLGU> Unit 99 opened for READONLY access to ../toppar/hoac_d.str

                    INPUT STREAM SWITCHING TO UNIT    99
 RDTITL> * TOPPAR STREAM FILE GENERATED BY FFPARAM CGENFFTOCONVERTER
 RDTITL> * FOR USE WITH DRUDE FORCE FIELD
 RDTITL> *
 Parameter: IN1 <- "" <empty>
  
 CHARMM>     
  
 CHARMM>    ioformat extended
 MISCOM> Expanded I/O format is used.
  
 CHARMM>     
  
 CHARMM>    read rtf card append
 MAINIO> Residue topology file being read from unit  99.
 RDTITL> * TOPOLOGIES GENERATED BY FFPARAM CGENFFTOCONVERTER
 RDTITL> * FOR USE WITH DRUDE FORCE FIELD
 RDTITL> *

 DRUDES PARTICLES WILL BE GENERATED AUTOMATICALLY FOR ALL ATOMS WITH NON-ZERO ALPHA
 Thole-type dipole screening, Slater-Delta shape {S(u) = 1 - (1+u/2)*exp(-u)}, default radius =  1.300000
  
 CHARMM>     
  
 CHARMM>     
  
 CHARMM>    read param card append

          PARAMETER FILE BEING READ FROM UNIT 99
 RDTITL> * PARAMETERS GENERATED BY FFPARAM CGENFFTOCONVERTER
 RDTITL> * FOR USE WITH DRUDE FORCE FIELD
 RDTITL> *
 PARMIO> NONBOND, HBOND lists and IMAGE atoms cleared.
  
 CHARMM>    RETURN
 VCLOSE: Closing unit   99 with status "KEEP"

                    RETURNING TO INPUT STREAM     5
  
 CHARMM>     
  
 CHARMM>    read sequence IM1H 1
  
 CHARMM>    generate IM1H setup warn drude dmass 0.4
 Drude polarizability will be setup for SEGID: IM1H    mass of Drudes particles =    0.4000
 NO PATCHING WILL BE DONE ON THE FIRST RESIDUE
 NO PATCHING WILL BE DONE ON THE LAST  RESIDUE

 MKDRUDE generate list and setup for drude polarizability

 All okay for      6 added Drude particles 

 GENPSF> Segment   1 has been generated. Its identifier is IM1H.
 PSFSUM> PSF modified: NONBOND lists and IMAGE atoms cleared.
 PSFSUM> Summary of the structure file counters :
         Number of segments      =        1   Number of residues   =        1
         Number of atoms         =       20   Number of groups     =        1
         Number of bonds         =       20   Number of angles     =       21
         Number of dihedrals     =       26   Number of impropers  =        5
         Number of cross-terms   =        0
         Number of HB acceptors  =        0   Number of HB donors  =        0
         Number of NB exclusions =        0   Total charge =    1.00000
         Number of Drudes        =        6
         Number of true-bonds    =       20   Number of zero-bonds =        0
         Number of aniso. terms  =        0   Number of lone-pairs =        1
  
 CHARMM>     
  
 CHARMM>    read sequence OAC 1
  
 CHARMM>    generate OAC setup warn drude dmass 0.4
 Drude polarizability will be setup for SEGID: OAC     mass of Drudes particles =    0.4000
 NO PATCHING WILL BE DONE ON THE FIRST RESIDUE
 NO PATCHING WILL BE DONE ON THE LAST  RESIDUE

 MKDRUDE generate list and setup for drude polarizability

 All okay for      4 added Drude particles 

 GENPSF> Segment   2 has been generated. Its identifier is OAC.
 PSFSUM> PSF modified: NONBOND lists and IMAGE atoms cleared.
 PSFSUM> Summary of the structure file counters :
         Number of segments      =        2   Number of residues   =        2
         Number of atoms         =       36   Number of groups     =        2
         Number of bonds         =       35   Number of angles     =       31
         Number of dihedrals     =       34   Number of impropers  =        6
         Number of cross-terms   =        0
         Number of HB acceptors  =        0   Number of HB donors  =        0
         Number of NB exclusions =        0   Total charge =    0.00000
         Number of Drudes        =       10
         Number of true-bonds    =       35   Number of zero-bonds =        0
         Number of aniso. terms  =        2   Number of lone-pairs =        5
  
 CHARMM>     
  
 CHARMM>    !=======================================================================
 CHARMM>    ! Coordinates
 CHARMM>    !=======================================================================
 CHARMM>    open  unit 10 read form name "./im1h_oac_1_init.crd"
 VOPEN> Attempting to open::./im1h_oac_1_init.crd::
 OPNLGU> Unit 10 opened for READONLY access to ./im1h_oac_1_init.crd
  
 CHARMM>    read  unit 10 coor card
          SPATIAL COORDINATES BEING READ FROM UNIT 10
 TITLE> *.    PACKMOL GENERATED PDB FILE
 TITLE> *.    HOME-PAGE: HTTP://M3G.IQM.UNICAMP.BR/PACKMOL
 TITLE> *.
 TITLE> 35

 ** WARNING ** For atom in coordinate file, the corresponding residue in the PSF lacks that atom:
 INDEX=   32 IRES=    2 RESID=1    RES=OAC  ATOM=LPO1

 ** WARNING ** For atom in coordinate file, the corresponding residue in the PSF lacks that atom:
 INDEX=   33 IRES=    2 RESID=1    RES=OAC  ATOM=LPO1

 ** WARNING ** For atom in coordinate file, the corresponding residue in the PSF lacks that atom:
 INDEX=   34 IRES=    2 RESID=1    RES=OAC  ATOM=LPO2

 ** WARNING ** For atom in coordinate file, the corresponding residue in the PSF lacks that atom:
 INDEX=   35 IRES=    2 RESID=1    RES=OAC  ATOM=LPO2
 ** WARNING ** After reading, there are no coordinates for selected atom:    20     1 IM1H LPN2
 ** WARNING ** After reading, there are no coordinates for selected atom:    33     2 OAC  LPO1
 ** WARNING ** After reading, there are no coordinates for selected atom:    34     2 OAC  LPO1
 ** WARNING ** After reading, there are no coordinates for selected atom:    35     2 OAC  LPO2
 ** WARNING ** After reading, there are no coordinates for selected atom:    36     2 OAC  LPO2

 ** A total of     5 selected atoms have no coordinates
 *** LEVEL  2 WARNING *** BOMLEV IS    0
  
 CHARMM>    close unit 10
 VCLOSE: Closing unit   10 with status "KEEP"
  
 CHARMM>     
  
 CHARMM>    coor sdrude !gives cordinates to drudes
  
 CHARMM>    coor shake !gives cordinates to lonepairs
 SELECTED COORDINATES CONSTRAINED IN THE MAIN SET.

  
 CHARMM>     
  
 CHARMM>    set XTL = 10.0
 Parameter: XTL <- "10.0"
  
 CHARMM>    calc XTL2 = @xtl/2
 Parameter: XTL -> "10.0"
Evaluating: 10.0/2
 Parameter: XTL2 <- "5"
  
 CHARMM>    set GRID = 12
 Parameter: GRID <- "12"
  
 CHARMM>     
  
 CHARMM>    crystal define cubic @XTL @XTL @XTL 90.0 90.0 90.0
 Parameter: XTL -> "10.0"
 Parameter: XTL -> "10.0"
 Parameter: XTL -> "10.0"
 Crystal Parameters : Crystal Type = CUBI
           A     =   10.00000 B    =   10.00000 C     =   10.00000
           Alpha =   90.00000 Beta =   90.00000 Gamma =   90.00000
  
 CHARMM>    crystal build  cutoff @XTL2 noperations 0
 Parameter: XTL2 -> "5"
 XBUILD> Building all transformations with a minimum atom-atom
         contact distance of less than    5.00 Angstroms.

 Range of Grid Search for Transformation     1 :
 Lattice Vector A    -1 TO     1
 Lattice Vector B    -2 TO     2
 Lattice Vector C    -1 TO     1


 The number of transformations generated =     2


 Number  Symop   A   B   C   Distance

      1      1   0  -1   0     1.3510
      2      1   0   1   0     1.3510
                     THERE ARE NO ROTATIONS FOR THIS TRANSFORMATION SET
     2 Transformations have been processed.

  
 CHARMM>    image byresidue select ALL end
 SELRPN>     36 atoms have been selected out of     36
 IMAGE CENTERING ON FOR SOME ATOMS
  
 CHARMM>     
  
 CHARMM>    energy  bycb atom vatom cdiel ewal pmew vswitch -
 CHARMM>            ctonnb           10  -
 CHARMM>            ctofnb           11  -
 CHARMM>            cutnb            14  -
 CHARMM>            cutim            14  -
 CHARMM>            kappa           0.41 -
 CHARMM>            fftx          @GRID  -
 CHARMM>            ffty          @GRID  -
 CHARMM>            fftz          @GRID  -
 CHARMM>            spli order        6  -
 CHARMM>            qcor              0  -
 CHARMM>            wmin            1.5  -
 CHARMM>            inbfrq           -1  -
 CHARMM>            imgfrq           -1
 Parameter: GRID -> "12"
 Parameter: GRID -> "12"
 Parameter: GRID -> "12"

 SELECTED IMAGES ATOMS BEING CENTERED ABOUT  0.000000  0.000000  0.000000

 <MKIMAT2>: updating the image atom lists and remapping
 Transformation   Atoms  Groups  Residues  Min-Distance
    1  C001 has      36       2       2        0.39
 Total of   72 atoms and    4 groups and    4 residues were included

 <PME> Total heap storage needed =        4187
 Fill Ewald table: Number of points=     10000 EWXmax=    4.715000
 fill erfc table: linear inter has rms error = 0.114425D-07 maximum error = 0.269224D-07
 fill erfc table: cubic spline has rms error = 0.467299D-11 maximum error = 0.148067D-10

 NONBOND OPTION FLAGS: 
     ELEC     VDW      ATOMs    CDIElec  SWITch   VATOm    VSWItch 
     BYCB     NOEXtnd  EWALd   
 CUTNB  = 14.000 CTEXNB =999.000 CTONNB = 10.000 CTOFNB = 11.000
 CGONNB =  0.000 CGOFNB = 10.000
 WMIN   =  1.500 WRNMXD =  0.500 E14FAC =  1.000 EPS    =  1.000
 NBXMOD =      5
 PME EWALD OPTIONS: KAPPA  =  0.410  QCOR =  0.000  Bspline order = 6
 FFTX=  12  FFTY=  12  FFTZ=  12
                Using FFTW
                Real-to-Complex FFT
                Using Column FFT 
 There are        0 atom  pairs and        0 atom  exclusions.
 There are        0 group pairs and        0 group exclusions.
 <MAKINB> with mode   5 found    197 exclusions and     76 interactions(1-4)
 <MAKGRP> found      0 group exclusions.
 <MAKGRP> found      0 image group exclusions.
 Generating nonbond list with Exclusion mode = 5
 Allocate space for   5000 Thole shielding pairs 
 == PRIMARY == SPACE FOR        0 ATOM PAIRS AND        0 GROUP PAIRS
 == IMAGES === SPACE FOR        0 ATOM PAIRS AND        0 GROUP PAIRS
  
 =========================================
              TRIAL run of list...........
 =========================================
Using Image CUBE search
Using Image CUBE search
  NBNDGCM found:
         433  atom pairs
         994  image atom pairs
           0  self atom pairs
         433 total atom  pairs
         994 total image pairs
Splitting recip cores into (y by z):   1 by    1
COLFFT thread division ntx,nty,ntz=  2  2  2
ENER ENR:  Eval#     ENERgy      Delta-E         GRMS
ENER INTERN:          BONDs       ANGLes       UREY-b    DIHEdrals    IMPRopers
ENER EXTERN:        VDWaals         ELEC       HBONds          ASP         USER
ENER IMAGES:        IMNBvdw       IMELec       IMHBnd       RXNField    EXTElec
ENER EWALD:          EWKSum       EWSElf       EWEXcl       EWQCor       EWUTil
 ----------       ---------    ---------    ---------    ---------    ---------
ENER>        0    427.68786      0.00000     89.87490
ENER INTERN>       11.88146     75.73178    262.77023      3.66787      0.00001
ENER EXTERN>        0.28326      1.59903      0.00000      0.00000      0.00000
ENER IMAGES>      132.43137     -7.33484      0.00000      0.00000      0.00000
ENER EWALD>        21.15134  -9680.25815   9605.76449      0.00000      0.00000
 ----------       ---------    ---------    ---------    ---------    ---------
  
 CHARMM>     
  
 CHARMM>    shake bonh param tol 1.0e-9 nofast -
 CHARMM>          select ( .not. type D* ) end -
 CHARMM>          select ( .not. type D* ) end
 SELRPN>     26 atoms have been selected out of     36
 SELRPN>     26 atoms have been selected out of     36
 SHKCOM> SHAKE parameters: TOL =   0.1000D-08 MXITer =    500

              11 constraints will held by SHAKE.
  
 CHARMM>     
  
 CHARMM>    open unit 10 write form name "./im1h_oac_1.psf"
 VOPEN> Attempting to open::./im1h_oac_1.psf::
 OPNLGU> Unit 10 opened for WRITE access to ./im1h_oac_1.psf
  
 CHARMM>    write unit 10 psf xplor card
 RDTITL> CLOSE UNIT 10
 RDTITL> No title read.
  
 CHARMM>    close unit 10
 VCLOSE: Closing unit   10 with status "KEEP"
  
 CHARMM>     
  
 CHARMM>    !=======================================================================
 CHARMM>    ! Minimization
 CHARMM>    !=======================================================================
 CHARMM>    mini sd nstep 200

 SELECTED IMAGES ATOMS BEING CENTERED ABOUT  0.000000  0.000000  0.000000

 <MKIMAT2>: updating the image atom lists and remapping
 Transformation   Atoms  Groups  Residues  Min-Distance
    1  C001 has      36       2       2        0.39
 Total of   72 atoms and    4 groups and    4 residues were included

 <MAKGRP> found      0 image group exclusions.

 NONBOND OPTION FLAGS: 
     ELEC     VDW      ATOMs    CDIElec  SWITch   VATOm    VSWItch 
     BYCB     NOEXtnd  EWALd   
 CUTNB  = 14.000 CTEXNB =999.000 CTONNB = 10.000 CTOFNB = 11.000
 CGONNB =  0.000 CGOFNB = 10.000
 WMIN   =  1.500 WRNMXD =  0.500 E14FAC =  1.000 EPS    =  1.000
 NBXMOD =      5
 PME EWALD OPTIONS: KAPPA  =  0.410  QCOR =  0.000  Bspline order = 6
 FFTX=  12  FFTY=  12  FFTZ=  12
                Using FFTW
                Real-to-Complex FFT
                Using Column FFT 
 There are      433 atom  pairs and      273 atom  exclusions.
 There are        0 group pairs and        0 group exclusions.
 Generating nonbond list with Exclusion mode = 5
 == PRIMARY == SPACE FOR      562 ATOM PAIRS AND        0 GROUP PAIRS
 == IMAGES === SPACE FOR     1292 ATOM PAIRS AND        0 GROUP PAIRS
Using Image CUBE search
  NBNDGCM found:
         433  atom pairs
         994  image atom pairs
           0  self atom pairs
         433 total atom  pairs
         994 total image pairs


 STEEPD> An energy minimization has been requested.

 NSTEP  =          200   NPRINT =           10
 STEP   =    0.0200000   TOLFUN =    0.0000000
 TOLGRD =    0.0000000   TOLSTP =    0.0000000

MINI MIN: Cycle      ENERgy      Delta-E         GRMS    Step-size
MINI INTERN:          BONDs       ANGLes       UREY-b    DIHEdrals    IMPRopers
MINI EXTERN:        VDWaals         ELEC       HBONds          ASP         USER
MINI IMAGES:        IMNBvdw       IMELec       IMHBnd       RXNField    EXTElec
MINI EWALD:          EWKSum       EWSElf       EWEXcl       EWQCor       EWUTil
 ----------       ---------    ---------    ---------    ---------    ---------
MINI>        0    427.55133      0.13653     83.45158      0.02000
MINI INTERN>       11.90901     75.76563    262.81418      3.66788      0.00003
MINI EXTERN>        0.27081      1.58249      0.00000      0.00000      0.00000
MINI IMAGES>      132.35081     -7.38957      0.00000      0.00000      0.00000
MINI EWALD>        21.04969  -9680.25815   9605.78851      0.00000      0.00000
 ----------       ---------    ---------    ---------    ---------    ---------
MINI>       10    308.74680    118.80454      7.87542      0.00373
MINI INTERN>       12.83816     78.58548    259.05804      3.75168      0.00532
MINI EXTERN>        0.69729      1.43755      0.00000      0.00000      0.00000
MINI IMAGES>       24.27523    -13.25614      0.00000      0.00000      0.00000
MINI EWALD>        16.91233  -9680.25815   9604.70001      0.00000      0.00000
 ----------       ---------    ---------    ---------    ---------    ---------
MINI>       20    301.81737      6.92943     15.19227      0.00401
MINI INTERN>       12.08705     78.41047    258.37714      3.77410      0.02866
MINI EXTERN>        0.56338      0.69714      0.00000      0.00000      0.00000
MINI IMAGES>       17.59924    -11.98012      0.00000      0.00000      0.00000
MINI EWALD>        17.56834  -9680.25815   9604.95012      0.00000      0.00000
 ----------       ---------    ---------    ---------    ---------    ---------
MINI>       30    296.51711      5.30026      4.37450      0.00180
MINI INTERN>       12.28067     78.31856    258.33928      3.79288      0.06040
MINI EXTERN>        0.44861      1.13058      0.00000      0.00000      0.00000
MINI IMAGES>       14.43214    -12.99126      0.00000      0.00000      0.00000
MINI EWALD>        16.85153  -9680.25815   9604.11188      0.00000      0.00000
 ----------       ---------    ---------    ---------    ---------    ---------
MINI>       40    293.78411      2.73299      7.07668      0.00193
MINI INTERN>       12.42344     77.97019    258.20888      3.80048      0.07692
MINI EXTERN>        0.36790      1.06497      0.00000      0.00000      0.00000
MINI IMAGES>       12.24606    -12.84584      0.00000      0.00000      0.00000
MINI EWALD>        16.82628  -9680.25815   9603.90298      0.00000      0.00000
 ----------       ---------    ---------    ---------    ---------    ---------
MINI>       50    291.79566      1.98846      7.47663      0.00208
MINI INTERN>       12.22690     77.61804    258.20975      3.80019      0.08140
MINI EXTERN>        0.31555      0.94312      0.00000      0.00000      0.00000
MINI IMAGES>       10.72564    -12.64790      0.00000      0.00000      0.00000
MINI EWALD>        16.85905  -9680.25815   9603.92206      0.00000      0.00000
 ----------       ---------    ---------    ---------    ---------    ---------
MINI>       60    290.38132      1.41434      9.57817      0.00223
MINI INTERN>       11.95860     77.28238    258.37016      3.79669      0.08203
MINI EXTERN>        0.27707      1.17232      0.00000      0.00000      0.00000
MINI IMAGES>        9.49466    -12.71521      0.00000      0.00000      0.00000
MINI EWALD>        16.88772  -9680.25815   9604.03306      0.00000      0.00000
 ----------       ---------    ---------    ---------    ---------    ---------
MINI>       70    288.64424      1.73708      2.14976      0.00100
MINI INTERN>       10.69118     76.84513    258.48703      3.79134      0.07673
MINI EXTERN>        0.25126      0.71972      0.00000      0.00000      0.00000
MINI IMAGES>        8.59857    -12.14186      0.00000      0.00000      0.00000
MINI EWALD>        17.21033  -9680.25815   9604.37298      0.00000      0.00000
 ----------       ---------    ---------    ---------    ---------    ---------
MINI>       80    287.57119      1.07306      2.95649      0.00107
MINI INTERN>       10.43299     76.59833    258.54459      3.78657      0.07091
MINI EXTERN>        0.22950      0.59007      0.00000      0.00000      0.00000
MINI IMAGES>        7.76093    -11.90980      0.00000      0.00000      0.00000
MINI EWALD>        17.29421  -9680.25815   9604.43103      0.00000      0.00000
 ----------       ---------    ---------    ---------    ---------    ---------
MINI>       90    286.78362      0.78756      4.36725      0.00116
MINI INTERN>       10.15614     76.38670    258.64831      3.78245      0.06552
MINI EXTERN>        0.21395      0.59932      0.00000      0.00000      0.00000
MINI IMAGES>        7.08984    -11.80284      0.00000      0.00000      0.00000
MINI EWALD>        17.37663  -9680.25815   9604.52576      0.00000      0.00000
 ----------       ---------    ---------    ---------    ---------    ---------
MINI>      100    286.04861      0.73501      4.46038      0.00124
MINI INTERN>       10.03594     76.23576    258.68495      3.77879      0.05936
MINI EXTERN>        0.20269      0.52115      0.00000      0.00000      0.00000
MINI IMAGES>        6.52084    -11.67329      0.00000      0.00000      0.00000
MINI EWALD>        17.40387  -9680.25815   9604.53669      0.00000      0.00000
 ----------       ---------    ---------    ---------    ---------    ---------
MINI>      110    285.38158      0.66703      4.87586      0.00133
MINI INTERN>        9.90348     76.08210    258.75757      3.77539      0.05299
MINI EXTERN>        0.19349      0.46500      0.00000      0.00000      0.00000
MINI IMAGES>        5.98631    -11.57084      0.00000      0.00000      0.00000
MINI EWALD>        17.43983  -9680.25815   9604.55441      0.00000      0.00000
 ----------       ---------    ---------    ---------    ---------    ---------
MINI>      120    284.82025      0.56133      5.18473      0.00144
MINI INTERN>        9.79443     75.95626    258.82389      3.77267      0.04715
MINI EXTERN>        0.18725      0.40403      0.00000      0.00000      0.00000
MINI IMAGES>        5.54206    -11.47891      0.00000      0.00000      0.00000
MINI EWALD>        17.46466  -9680.25815   9604.56491      0.00000      0.00000
 ----------       ---------    ---------    ---------    ---------    ---------
MINI>      130    284.14782      0.67243      1.70239      0.00064
MINI INTERN>       10.27114     76.00259    258.66749      3.76997      0.04129
MINI EXTERN>        0.18070      0.30380      0.00000      0.00000      0.00000
MINI IMAGES>        5.16638    -11.52808      0.00000      0.00000      0.00000
MINI EWALD>        17.25793  -9680.25815   9604.27276      0.00000      0.00000
 ----------       ---------    ---------    ---------    ---------    ---------
MINI>      140    283.72985      0.41797      2.46806      0.00069
MINI INTERN>       10.33591     75.94040    258.67642      3.76785      0.03647
MINI EXTERN>        0.17701      0.25358      0.00000      0.00000      0.00000
MINI IMAGES>        4.84055    -11.49262      0.00000      0.00000      0.00000
MINI EWALD>        17.22643  -9680.25815   9604.22600      0.00000      0.00000
 ----------       ---------    ---------    ---------    ---------    ---------
MINI>      150    283.36023      0.36962      2.89788      0.00074
MINI INTERN>       10.30981     75.87104    258.71776      3.76609      0.03234
MINI EXTERN>        0.17420      0.21910      0.00000      0.00000      0.00000
MINI IMAGES>        4.56041    -11.46411      0.00000      0.00000      0.00000
MINI EWALD>        17.21823  -9680.25815   9604.21351      0.00000      0.00000
 ----------       ---------    ---------    ---------    ---------    ---------
MINI>      160    283.02615      0.33408      3.34932      0.00080
MINI INTERN>       10.30218     75.79402    258.72768      3.76416      0.02815
MINI EXTERN>        0.17517      0.06925      0.00000      0.00000      0.00000
MINI IMAGES>        4.31522    -11.33025      0.00000      0.00000      0.00000
MINI EWALD>        17.22534  -9680.25815   9604.21339      0.00000      0.00000
 ----------       ---------    ---------    ---------    ---------    ---------
MINI>      170    282.71515      0.31100      3.48238      0.00086
MINI INTERN>       10.19995     75.71871    258.77521      3.76257      0.02477
MINI EXTERN>        0.17508     -0.00449      0.00000      0.00000      0.00000
MINI IMAGES>        4.09759    -11.25909      0.00000      0.00000      0.00000
MINI EWALD>        17.24247  -9680.25815   9604.24052      0.00000      0.00000
 ----------       ---------    ---------    ---------    ---------    ---------
MINI>      180    282.43285      0.28229      3.37947      0.00092
MINI INTERN>       10.30271     75.70371    258.80788      3.76093      0.02186
MINI EXTERN>        0.17155      0.01122      0.00000      0.00000      0.00000
MINI IMAGES>        3.89682    -11.33326      0.00000      0.00000      0.00000
MINI EWALD>        17.18464  -9680.25815   9604.16295      0.00000      0.00000
 ----------       ---------    ---------    ---------    ---------    ---------
MINI>      190    282.17830      0.25455      4.15603      0.00099
MINI INTERN>       10.21174     75.62599    258.82896      3.75899      0.01876
MINI EXTERN>        0.17459     -0.12716      0.00000      0.00000      0.00000
MINI IMAGES>        3.71502    -11.19409      0.00000      0.00000      0.00000
MINI EWALD>        17.21130  -9680.25815   9604.21235      0.00000      0.00000
 ----------       ---------    ---------    ---------    ---------    ---------
MINI>      200    281.84236      0.33594      0.99949      0.00044
MINI INTERN>        9.82183     75.54721    258.92138      3.75784      0.01668
MINI EXTERN>        0.17303     -0.10914      0.00000      0.00000      0.00000
MINI IMAGES>        3.55432    -11.18244      0.00000      0.00000      0.00000
MINI EWALD>        17.26587  -9680.25815   9604.33394      0.00000      0.00000
 ----------       ---------    ---------    ---------    ---------    ---------

 STEEPD> Minimization exiting with number of steps limit (       200) exceeded.

STPD MIN: Cycle      ENERgy      Delta-E         GRMS    Step-size
STPD INTERN:          BONDs       ANGLes       UREY-b    DIHEdrals    IMPRopers
STPD EXTERN:        VDWaals         ELEC       HBONds          ASP         USER
STPD IMAGES:        IMNBvdw       IMELec       IMHBnd       RXNField    EXTElec
STPD EWALD:          EWKSum       EWSElf       EWEXcl       EWQCor       EWUTil
 ----------       ---------    ---------    ---------    ---------    ---------
STPD>      200    281.84236      0.33594      0.99949      0.00053
STPD INTERN>        9.82183     75.54721    258.92138      3.75784      0.01668
STPD EXTERN>        0.17303     -0.10914      0.00000      0.00000      0.00000
STPD IMAGES>        3.55432    -11.18244      0.00000      0.00000      0.00000
STPD EWALD>        17.26587  -9680.25815   9604.33394      0.00000      0.00000
 ----------       ---------    ---------    ---------    ---------    ---------
  
 CHARMM>    !mini abnr nstep 3000
 CHARMM>     
  
 CHARMM>    open  unit 10 write form name "./im1h_oac_1.crd"
 VOPEN> Attempting to open::./im1h_oac_1.crd::
 OPNLGU> Unit 10 opened for WRITE access to ./im1h_oac_1.crd
  
 CHARMM>    write unit 10 coor card
 RDTITL> CLOSE UNIT 10
 RDTITL> No title read.
 VCLOSE: Closing unit   10 with status "KEEP"
  
 CHARMM>    close unit 10
 CLOLGU>  *****  WARNING  ***** Attempt to close unit that was not open.
  
 CHARMM>     
  
 CHARMM>     
  
      $$$$$$  New timer profile Local node$$$$$
   Shake Setup                     0.00 Other:            0.00
   Shake time                      0.00 Other:            0.00
      xdistm setup                    0.00 Other:            0.00
      xdistm Build list               0.00 Other:            0.00
      Heuristic check                 0.00 Other:            0.00
   List time                       0.00 Other:            0.00
            Direct Ewald time               0.01 Other:            0.00
         Ewald time                      0.04 Other:            0.03
      Nonbond force                   0.05 Other:            0.01
         Bond energy                     0.00 Other:            0.00
         Angle energy                    0.00 Other:            0.00
         Dihedral energy                 0.00 Other:            0.00
         Restraints energy               0.00 Other:            0.00
      INTRNL energy                   0.00 Other:            0.00
      Comm energy                     0.00 Other:            0.00
      Comm force                      0.00 Other:            0.00
         Fill charge grid                0.01 Other:            0.00
         Scalar sum                      0.00 Other:            0.00
         Grad sum                        0.00 Other:            0.00
            FFTcomm                         0.00 Other:            0.00
         FFT                             0.01 Other:            0.00
      Recip Ewald time                0.03 Other:            0.00
   Energy time                     0.08 Other:            0.00
 Total time                      0.34 Other:            0.26
         $$$$$$  Average   profile $$$$$
   Shake Setup                     0.00 Other:            0.00
   Shake time                      0.00 Other:            0.00
      xdistm setup                    0.00 Other:            0.00
      xdistm Build list               0.00 Other:            0.00
      Heuristic check                 0.00 Other:            0.00
   List time                       0.00 Other:            0.00
            Direct Ewald time               0.01 Other:            0.00
         Ewald time                      0.04 Other:            0.03
      Nonbond force                   0.05 Other:            0.01
         Bond energy                     0.00 Other:            0.00
         Angle energy                    0.00 Other:            0.00
         Dihedral energy                 0.00 Other:            0.00
         Restraints energy               0.00 Other:            0.00
      INTRNL energy                   0.00 Other:            0.00
      Comm energy                     0.00 Other:            0.00
      Comm force                      0.00 Other:            0.00
         Fill charge grid                0.01 Other:            0.00
         Scalar sum                      0.00 Other:            0.00
         Grad sum                        0.00 Other:            0.00
            FFTcomm                         0.00 Other:            0.00
         FFT                             0.01 Other:            0.00
      Recip Ewald time                0.03 Other:            0.00
   Energy time                     0.08 Other:            0.00
 Total time                      0.34 Other:            0.26

                    NORMAL TERMINATION BY END OF FILE
                    MOST SEVERE WARNING WAS AT LEVEL  2

                    $$$$$ JOB ACCOUNTING INFORMATION $$$$$
                     ELAPSED TIME:     0.34  SECONDS 
                         CPU TIME:     1.00  SECONDS 
