1
                 Chemistry at HARvard Macromolecular Mechanics
           (CHARMM) - Developmental Version 43a1     August 15, 2017            
       Copyright(c) 1984-2014  President and Fellows of Harvard College
                              All Rights Reserved
  Current operating system: Linux-4.9.0-16-amd64(x86_64)@sheet.mdy.univie.ac.   
                 Created on 12/10/21 at 13:00:22 by user: florian     

            Maximum number of ATOMS:    360720, and RESidues:      120240
 RDTITL> *~~~~~~~~~~~~~~~~~~~~~~~~~~~~~~~~~~~~~~~~~~~~~~~~~~~~~~~~~~~~~~~~~~~~~~~
 RDTITL> *~ MINIMIZATION OF PACKMOL STRUCTURE
 RDTITL> *~~~~~~~~~~~~~~~~~~~~~~~~~~~~~~~~~~~~~~~~~~~~~~~~~~~~~~~~~~~~~~~~~~~~~~~
 RDTITL> *
  
 CHARMM>    ioformat extended
 MISCOM> Expanded I/O format is used.
  
 CHARMM>    !=======================================================================
 CHARMM>    ! Force field
 CHARMM>    !=======================================================================
 CHARMM>    !set TOPPAR /site/raid2/florian/str/scaled_lj
 CHARMM>    set TOPPAR ../toppar
 Parameter: TOPPAR <- "../TOPPAR"
  
 CHARMM>    stream @TOPPAR/toppar_drude_master_protein_2013f_lj02.str
 Parameter: TOPPAR -> "../TOPPAR"
 VOPEN> Attempting to open::../toppar/toppar_drude_master_protein_2013f_lj02.str::
 OPNLGU> Unit 99 opened for READONLY access to ../toppar/toppar_drude_master_protein_2013f_lj02.str

                    INPUT STREAM SWITCHING TO UNIT    99
 RDTITL> * DRUDE MASTER TOPOLOGY AND PARAMETER STREAM FILE
 RDTITL> * INCLUDES WATER, IONS AND 2013 PROTEIN FF RELEASE
 RDTITL> * IONS UPDATED, JUNE 2018
 RDTITL> * NUCLEIC ACID/CARBOHYDRATE/LIPID UPDATE JANUARY 2017
 RDTITL> * JUNE 2018
 RDTITL> *
 Parameter: IN1 <- "" <empty>
  
 CHARMM>     
  
 CHARMM>    ioformat extended
 MISCOM> Expanded I/O format is used.
  
 CHARMM>     
  
 CHARMM>    !This file must be streamed prior to additional Drude FF toppar stream files
 CHARMM>    !and it includes parameters for the model compounds (toppar_drude_model*.str)
 CHARMM>     
  
 CHARMM>    !references
 CHARMM>    !
 CHARMM>    !Proteins
 CHARMM>    !Lopes, P.E.M., Huang, J., Shim, J., Luo, Y., Li, H., Roux, B., and
 CHARMM>    !MacKerell, A.D., Jr., "Polarizable Force Field for Peptides and
 CHARMM>    !Proteins based on the Classical Drude Oscillator," Journal of
 CHARMM>    !Chemical Theory and Computation, 9: 5430-5449, 2013 DOI:
 CHARMM>    !10.1021/ct400781b, NIHMS53671
 CHARMM>    !
 CHARMM>    !water
 CHARMM>    !SWM4-NDP, negative Drude (this will be the default model): Lamoureux,
 CHARMM>    !G., Harder, E., Vorobyov, I.V., Deng, Y., Roux, B. MacKerell, A.D.,
 CHARMM>    !Jr., A polarizable model of water for molecular dynamics simulations
 CHARMM>    !of biomolecules, Chemical Physics Letters, 2006, 418: 245-249.
 CHARMM>    !
 CHARMM>    !SWM6: Wenbo Yu, Pedro E. M. Lopes, Benoit Roux and Alexander
 CHARMM>    !D. MacKerell, Jr.  "Six-site Polarizable Model of Water Based on the
 CHARMM>    !Classical Drude Oscillator" Journal of Chemical Physics, 138: 034508,
 CHARMM>    !2013
 CHARMM>     
  
 CHARMM>    !atomic ions
 CHARMM>    !Yu, H., Whitfield, T.W., Harder, E., Lamoureux, G., Vorobyov, I.,
 CHARMM>    !Anisimov, V. M., MacKerell, A.D., Jr., and Roux, B. "Simulating
 CHARMM>    !Monovalent and Divalent Ions in Aqueous Solution Using a Drude
 CHARMM>    !Polarizable Force Field," Journal of Chemical Theory and Computation,
 CHARMM>    !6: 774-786, 2010
 CHARMM>    !
 CHARMM>    !Luo, Y., Jiang, W., Yu, H., MacKerell, A.D., Jr., and Roux, B.,
 CHARMM>    !"Simulation study of ion pairing in concentrated aqueous salt
 CHARMM>    !solutions with a polarizable force field," Faraday Discussions, 160,
 CHARMM>    !135-149, 2013, PMC3695446
 CHARMM>    !
 CHARMM>    !Lemkul, J.A. and MacKerell, A.D., Jr. "Balancing the Interactions of
 CHARMM>    !Mg2+ in Aqueous Solution and with Nucleic Acid Moieties For a Polarizable
 CHARMM>    !Force Field Based on the Classical Drude Oscillator Model," J. Phys. Chem B,
 CHARMM>    !120, 11436-11448, 2016, PMC5148688
 CHARMM>     
  
 CHARMM>    ! note use of D for second character to indicate Drude
 CHARMM>    ! polarizable FF (be careful of Cadmium: use CDM)
 CHARMM>     
  
 CHARMM>    ! Parameter labeling after !
 CHARMM>    ! RESName, generic compound name of model compound followed by additional comments
 CHARMM>    ! for example ! BENZ, benzene, based on crystal survey data
 CHARMM>     
  
 CHARMM>    !Formatting information
 CHARMM>    !RTF section: please use the following format for future residues, including the spacing
 CHARMM>    !(and please clean a few up of the residues not in this format if you so desire....)
 CHARMM>     
  
 CHARMM>    !RESI ALA           0.000
 CHARMM>    !ATOM N    ND2A2   -0.427  ALPHA -1.056  THOLE 0.711
 CHARMM>    !BOND A1     A2     A3     A4     A5     A6     A7     A8
 CHARMM>    !IMPR A1     A2     A3     A4
 CHARMM>    !CMAP A1     A2     A3     A4     A1     A2     A3     A4
 CHARMM>    !LONEPAIR relative A1       A2       A3      A4       distance 0.30 angle 91.00 dihe 180.00
 CHARMM>    !ANISOTROPY        A1       A2       A3      A4       A11 0.6968  A22 1.2194
 CHARMM>    !IC A1     A2     A3     A4       1.3474  124.31  180.00  114.26   0.9979
 CHARMM>     
  
 CHARMM>    !parameter section
 CHARMM>    !bond
 CHARMM>    !CD32E    OD30A    360.00      1.415 ! comment
 CHARMM>    !angles
 CHARMM>    !HDA1A    CD31A    CD31A     34.50    110.10 ! comment
 CHARMM>    !HDA1A    CD31A    CD31A     34.50    110.10   22.53   2.1790 ! comment
 CHARMM>    !dihedrals
 CHARMM>    !CD2O1A   ND2A2    CD31C    CD2O2A      0.000   3   180.00 ! comment
 CHARMM>    !impropers
 CHARMM>    !CD2O1A   CD31A    ND2A2    OD2C1A    120.000   0     0.00 ! comment
 CHARMM>    !nonbond (LJ)
 CHARMM>    !HDW      0.0   -0.0000     0.0000 ! comment
 CHARMM>    !nbfix
 CHARMM>    !CD30A   ODW    -0.00500	 4.04699 ! comment
 CHARMM>     
  
 CHARMM>    !ioformat extended
 CHARMM>     
  
 CHARMM>    read rtf card !append
 MAINIO> Residue topology file being read from unit  99.
 RDTITL> * TOPOLOGY FOR DRUDE WATER, IONS AND PROTEINS
 RDTITL> *

 DRUDES PARTICLES WILL BE GENERATED AUTOMATICALLY FOR ALL ATOMS WITH NON-ZERO ALPHA
 Thole-type dipole screening, Slater-Delta shape {S(u) = 1 - (1+u/2)*exp(-u)}, default radius =  1.300000
  
 CHARMM>     
  
 CHARMM>    read para card !append

          PARAMETER FILE BEING READ FROM UNIT 99
 RDTITL> * DRUDE POLARIZABLE FF PARAMETERS
 RDTITL> *

 PARRDR> WARNING: ATOMS IN BOND X        DRUD     1000.00000   0.00000 DONT EXIST
 PARMIO> NONBOND, HBOND lists and IMAGE atoms cleared.
  
 CHARMM>     
  
 VCLOSE: Closing unit   99 with status "KEEP"

                    RETURNING TO INPUT STREAM     5
  
 CHARMM>    stream @TOPPAR/im1h_d_fm_lj_chelpg.str
 Parameter: TOPPAR -> "../TOPPAR"
 VOPEN> Attempting to open::../toppar/im1h_d_fm_lj_chelpg.str::
 OPNLGU> Unit 99 opened for READONLY access to ../toppar/im1h_d_fm_lj_chelpg.str

                    INPUT STREAM SWITCHING TO UNIT    99
 RDTITL> * TOPPAR STREAM FILE GENERATED BY FFPARAM CGENFFTOCONVERTER
 RDTITL> * FOR USE WITH DRUDE FORCE FIELD
 RDTITL> *
 Parameter: IN1 <- "" <empty>
  
 CHARMM>     
  
 CHARMM>    ioformat extended
 MISCOM> Expanded I/O format is used.
  
 CHARMM>     
  
 CHARMM>    read rtf card append
 MAINIO> Residue topology file being read from unit  99.
 RDTITL> * TOPOLOGIES GENERATED BY FFPARAM CGENFFTOCONVERTER
 RDTITL> * FOR USE WITH DRUDE FORCE FIELD
 RDTITL> *

 DRUDES PARTICLES WILL BE GENERATED AUTOMATICALLY FOR ALL ATOMS WITH NON-ZERO ALPHA
 Thole-type dipole screening, Slater-Delta shape {S(u) = 1 - (1+u/2)*exp(-u)}, default radius =  1.300000
  
 CHARMM>     
  
 CHARMM>     
  
 CHARMM>    read param card append

          PARAMETER FILE BEING READ FROM UNIT 99
 RDTITL> * PARAMETERS GENERATED BY FFPARAM CGENFFTOCONVERTER
 RDTITL> * FOR USE WITH DRUDE FORCE FIELD
 RDTITL> *
 PARMIO> NONBOND, HBOND lists and IMAGE atoms cleared.
  
 CHARMM>    RETURN
 VCLOSE: Closing unit   99 with status "KEEP"

                    RETURNING TO INPUT STREAM     5
  
 CHARMM>    stream @TOPPAR/oac_d_lj.str
 Parameter: TOPPAR -> "../TOPPAR"
 VOPEN> Attempting to open::../toppar/oac_d_lj.str::
 OPNLGU> Unit 99 opened for READONLY access to ../toppar/oac_d_lj.str

                    INPUT STREAM SWITCHING TO UNIT    99
 RDTITL> * TOPPAR STREAM FILE COPIED FROM
 RDTITL> * /SITE/RAID9/FLORIAN/IM1H_OAC_500/DRUDE_TOPPAR/TOPPAR_DRUDE_MODEL_2013F.STR
 RDTITL> *
 Parameter: IN1 <- "" <empty>
  
 CHARMM>     
  
 CHARMM>    ioformat extended
 MISCOM> Expanded I/O format is used.
  
 CHARMM>     
  
 CHARMM>    read rtf card append
 MAINIO> Residue topology file being read from unit  99.
 RDTITL> * TOPOLOGIES COPIED
 RDTITL> * FOR USE WITH DRUDE FORCE FIELD
 RDTITL> *

 DRUDES PARTICLES WILL BE GENERATED AUTOMATICALLY FOR ALL ATOMS WITH NON-ZERO ALPHA
 Thole-type dipole screening, Slater-Delta shape {S(u) = 1 - (1+u/2)*exp(-u)}, default radius =  1.300000
  
 CHARMM>     
  
 CHARMM>    read param card append

          PARAMETER FILE BEING READ FROM UNIT 99
 RDTITL> * PARAMETERS GENERATED BY FFPARAM CGENFFTOCONVERTER
 RDTITL> * FOR USE WITH DRUDE FORCE FIELD
 RDTITL> *
 PARMIO> NONBOND, HBOND lists and IMAGE atoms cleared.
  
 CHARMM>    RETURN
 VCLOSE: Closing unit   99 with status "KEEP"

                    RETURNING TO INPUT STREAM     5
  
 CHARMM>    stream @TOPPAR/im1_d_fm_lj_chelpg_withlp.str
 Parameter: TOPPAR -> "../TOPPAR"
 VOPEN> Attempting to open::../toppar/im1_d_fm_lj_chelpg_withlp.str::
 OPNLGU> Unit 99 opened for READONLY access to ../toppar/im1_d_fm_lj_chelpg_withlp.str

                    INPUT STREAM SWITCHING TO UNIT    99
 RDTITL> * TOPPAR STREAM FILE GENERATED BY FFPARAM CGENFFTOCONVERTER
 RDTITL> * FOR USE WITH DRUDE FORCE FIELD
 RDTITL> *
 Parameter: IN1 <- "" <empty>
  
 CHARMM>     
  
 CHARMM>    ioformat extended
 MISCOM> Expanded I/O format is used.
  
 CHARMM>     
  
 CHARMM>    read rtf card append
 MAINIO> Residue topology file being read from unit  99.
 RDTITL> * TOPOLOGIES GENERATED BY FFPARAM CGENFFTOCONVERTER
 RDTITL> * FOR USE WITH DRUDE FORCE FIELD
 RDTITL> *

 DRUDES PARTICLES WILL BE GENERATED AUTOMATICALLY FOR ALL ATOMS WITH NON-ZERO ALPHA
 Thole-type dipole screening, Slater-Delta shape {S(u) = 1 - (1+u/2)*exp(-u)}, default radius =  1.300000
  
 CHARMM>     
  
 CHARMM>     
  
 CHARMM>    read param card append

          PARAMETER FILE BEING READ FROM UNIT 99
 RDTITL> * PARAMETERS GENERATED BY FFPARAM CGENFFTOCONVERTER
 RDTITL> * FOR USE WITH DRUDE FORCE FIELD
 RDTITL> *
 PARMIO> NONBOND, HBOND lists and IMAGE atoms cleared.
  
 CHARMM>    RETURN
 VCLOSE: Closing unit   99 with status "KEEP"

                    RETURNING TO INPUT STREAM     5
  
 CHARMM>    stream @TOPPAR/hoac_d.str
 Parameter: TOPPAR -> "../TOPPAR"
 VOPEN> Attempting to open::../toppar/hoac_d.str::
 OPNLGU> Unit 99 opened for READONLY access to ../toppar/hoac_d.str

                    INPUT STREAM SWITCHING TO UNIT    99
 RDTITL> * TOPPAR STREAM FILE GENERATED BY FFPARAM CGENFFTOCONVERTER
 RDTITL> * FOR USE WITH DRUDE FORCE FIELD
 RDTITL> *
 Parameter: IN1 <- "" <empty>
  
 CHARMM>     
  
 CHARMM>    ioformat extended
 MISCOM> Expanded I/O format is used.
  
 CHARMM>     
  
 CHARMM>    read rtf card append
 MAINIO> Residue topology file being read from unit  99.
 RDTITL> * TOPOLOGIES GENERATED BY FFPARAM CGENFFTOCONVERTER
 RDTITL> * FOR USE WITH DRUDE FORCE FIELD
 RDTITL> *

 DRUDES PARTICLES WILL BE GENERATED AUTOMATICALLY FOR ALL ATOMS WITH NON-ZERO ALPHA
 Thole-type dipole screening, Slater-Delta shape {S(u) = 1 - (1+u/2)*exp(-u)}, default radius =  1.300000
  
 CHARMM>     
  
 CHARMM>     
  
 CHARMM>    read param card append

          PARAMETER FILE BEING READ FROM UNIT 99
 RDTITL> * PARAMETERS GENERATED BY FFPARAM CGENFFTOCONVERTER
 RDTITL> * FOR USE WITH DRUDE FORCE FIELD
 RDTITL> *
 PARMIO> NONBOND, HBOND lists and IMAGE atoms cleared.
  
 CHARMM>    RETURN
 VCLOSE: Closing unit   99 with status "KEEP"

                    RETURNING TO INPUT STREAM     5
  
 CHARMM>     
  
 CHARMM>    read sequence IM1H 1
  
 CHARMM>    generate IM1H setup warn drude dmass 0.4
 Drude polarizability will be setup for SEGID: IM1H    mass of Drudes particles =    0.4000
 NO PATCHING WILL BE DONE ON THE FIRST RESIDUE
 NO PATCHING WILL BE DONE ON THE LAST  RESIDUE

 MKDRUDE generate list and setup for drude polarizability

 All okay for      6 added Drude particles 

 GENPSF> Segment   1 has been generated. Its identifier is IM1H.
 PSFSUM> PSF modified: NONBOND lists and IMAGE atoms cleared.
 PSFSUM> Summary of the structure file counters :
         Number of segments      =        1   Number of residues   =        1
         Number of atoms         =       20   Number of groups     =        1
         Number of bonds         =       20   Number of angles     =       21
         Number of dihedrals     =       26   Number of impropers  =        5
         Number of cross-terms   =        0
         Number of HB acceptors  =        0   Number of HB donors  =        0
         Number of NB exclusions =        0   Total charge =    1.00000
         Number of Drudes        =        6
         Number of true-bonds    =       20   Number of zero-bonds =        0
         Number of aniso. terms  =        0   Number of lone-pairs =        1
  
 CHARMM>     
  
 CHARMM>    read sequence OAC 1
  
 CHARMM>    generate OAC setup warn drude dmass 0.4
 Drude polarizability will be setup for SEGID: OAC     mass of Drudes particles =    0.4000
 NO PATCHING WILL BE DONE ON THE FIRST RESIDUE
 NO PATCHING WILL BE DONE ON THE LAST  RESIDUE

 MKDRUDE generate list and setup for drude polarizability

 All okay for      4 added Drude particles 

 GENPSF> Segment   2 has been generated. Its identifier is OAC.
 PSFSUM> PSF modified: NONBOND lists and IMAGE atoms cleared.
 PSFSUM> Summary of the structure file counters :
         Number of segments      =        2   Number of residues   =        2
         Number of atoms         =       36   Number of groups     =        2
         Number of bonds         =       35   Number of angles     =       31
         Number of dihedrals     =       34   Number of impropers  =        6
         Number of cross-terms   =        0
         Number of HB acceptors  =        0   Number of HB donors  =        0
         Number of NB exclusions =        0   Total charge =    0.00000
         Number of Drudes        =       10
         Number of true-bonds    =       35   Number of zero-bonds =        0
         Number of aniso. terms  =        2   Number of lone-pairs =        5
  
 CHARMM>     
  
 CHARMM>    read sequence IM1 1
  
 CHARMM>    generate IM1 setup warn drude dmass 0.4
 Drude polarizability will be setup for SEGID: IM1     mass of Drudes particles =    0.4000
 NO PATCHING WILL BE DONE ON THE FIRST RESIDUE
 NO PATCHING WILL BE DONE ON THE LAST  RESIDUE

 MKDRUDE generate list and setup for drude polarizability

 All okay for      6 added Drude particles 

 GENPSF> Segment   3 has been generated. Its identifier is IM1.
 PSFSUM> PSF modified: NONBOND lists and IMAGE atoms cleared.
 PSFSUM> Summary of the structure file counters :
         Number of segments      =        3   Number of residues   =        3
         Number of atoms         =       56   Number of groups     =        3
         Number of bonds         =       55   Number of angles     =       52
         Number of dihedrals     =       60   Number of impropers  =       11
         Number of cross-terms   =        0
         Number of HB acceptors  =        0   Number of HB donors  =        0
         Number of NB exclusions =        0   Total charge =    0.00000
         Number of Drudes        =       16
         Number of true-bonds    =       55   Number of zero-bonds =        0
         Number of aniso. terms  =        2   Number of lone-pairs =        6
  
 CHARMM>     
  
 CHARMM>    read sequence HOAC 1
  
 CHARMM>    generate HOAC setup warn drude dmass 0.4
 Drude polarizability will be setup for SEGID: HOAC    mass of Drudes particles =    0.4000
 NO PATCHING WILL BE DONE ON THE FIRST RESIDUE
 NO PATCHING WILL BE DONE ON THE LAST  RESIDUE

 MKDRUDE generate list and setup for drude polarizability

 All okay for      4 added Drude particles 

 GENPSF> Segment   4 has been generated. Its identifier is HOAC.
 PSFSUM> PSF modified: NONBOND lists and IMAGE atoms cleared.
 PSFSUM> Summary of the structure file counters :
         Number of segments      =        4   Number of residues   =        4
         Number of atoms         =       72   Number of groups     =        4
         Number of bonds         =       70   Number of angles     =       62
         Number of dihedrals     =       68   Number of impropers  =       12
         Number of cross-terms   =        0
         Number of HB acceptors  =        0   Number of HB donors  =        0
         Number of NB exclusions =        0   Total charge =    0.00000
         Number of Drudes        =       20
         Number of true-bonds    =       70   Number of zero-bonds =        0
         Number of aniso. terms  =        4   Number of lone-pairs =       10
  
 CHARMM>    !=======================================================================
 CHARMM>    ! Coordinates
 CHARMM>    !=======================================================================
 CHARMM>    open  unit 10 read form name "./im1h_oac_1_im1_hoac_1_neu.crd"
 VOPEN> Attempting to open::./im1h_oac_1_im1_hoac_1_neu.crd::
 OPNLGU> Unit 10 opened for READONLY access to ./im1h_oac_1_im1_hoac_1_neu.crd
  
 CHARMM>    read  unit 10 coor card
          SPATIAL COORDINATES BEING READ FROM UNIT 10
 TITLE> 42
 RDTITL> No title read.
 ** WARNING ** After reading, there are no coordinates for selected atom:     2     1 IM1H DC1 
 ** WARNING ** After reading, there are no coordinates for selected atom:     7     1 IM1H DN1 
 ** WARNING ** After reading, there are no coordinates for selected atom:     9     1 IM1H DC2 
 ** WARNING ** After reading, there are no coordinates for selected atom:    12     1 IM1H DC3 
 ** WARNING ** After reading, there are no coordinates for selected atom:    15     1 IM1H DC4 
 ** WARNING ** After reading, there are no coordinates for selected atom:    18     1 IM1H DN2 
 ** WARNING ** After reading, there are no coordinates for selected atom:    20     1 IM1H LPN2
 ** WARNING ** After reading, there are no coordinates for selected atom:    22     2 OAC  DC1 
 ** WARNING ** After reading, there are no coordinates for selected atom:    24     2 OAC  DC2 
 ** WARNING ** After reading, there are no coordinates for selected atom:    29     2 OAC  DO1 

 ** A total of    30 selected atoms have no coordinates
 *** LEVEL  2 WARNING *** BOMLEV IS    0
  
 CHARMM>    close unit 10
 VCLOSE: Closing unit   10 with status "KEEP"
  
 CHARMM>     
  
 CHARMM>    coor sdrude !gives cordinates to drudes
  
 CHARMM>    coor shake !gives cordinates to lonepairs
 SELECTED COORDINATES CONSTRAINED IN THE MAIN SET.

  
 CHARMM>     
  
 CHARMM>    set XTL = 14.0
 Parameter: XTL <- "14.0"
  
 CHARMM>    calc XTL2 = @xtl/2
 Parameter: XTL -> "14.0"
Evaluating: 14.0/2
 Parameter: XTL2 <- "7"
  
 CHARMM>    set GRID = 12
 Parameter: GRID <- "12"
  
 CHARMM>     
  
 CHARMM>    crystal define cubic @XTL @XTL @XTL 90.0 90.0 90.0
 Parameter: XTL -> "14.0"
 Parameter: XTL -> "14.0"
 Parameter: XTL -> "14.0"
 Crystal Parameters : Crystal Type = CUBI
           A     =   14.00000 B    =   14.00000 C     =   14.00000
           Alpha =   90.00000 Beta =   90.00000 Gamma =   90.00000
  
 CHARMM>    crystal build  cutoff @XTL2 noperations 0
 Parameter: XTL2 -> "7"
 XBUILD> Building all transformations with a minimum atom-atom
         contact distance of less than    7.00 Angstroms.

 Range of Grid Search for Transformation     1 :
 Lattice Vector A    -2 TO     2
 Lattice Vector B    -2 TO     2
 Lattice Vector C    -1 TO     1


 The number of transformations generated =     6


 Number  Symop   A   B   C   Distance

      1      1  -1  -1   0     6.2152
      2      1  -1   0   0     4.6839
      3      1   0  -1   0     2.5002
      4      1   0   1   0     2.5002
      5      1   1   1   0     6.2152
      6      1   1   0   0     4.6839
                     THERE ARE NO ROTATIONS FOR THIS TRANSFORMATION SET
     6 Transformations have been processed.

  
 CHARMM>    image byresidue select ALL end
 SELRPN>     72 atoms have been selected out of     72
 IMAGE CENTERING ON FOR SOME ATOMS
  
 CHARMM>     
  
 CHARMM>    energy  bycb atom vatom cdiel ewal pmew vswitch -
 CHARMM>            ctonnb           10  -
 CHARMM>            ctofnb           11  -
 CHARMM>            cutnb            14  -
 CHARMM>            cutim            14  -
 CHARMM>            kappa           0.41 -
 CHARMM>            fftx          @GRID  -
 CHARMM>            ffty          @GRID  -
 CHARMM>            fftz          @GRID  -
 CHARMM>            spli order        6  -
 CHARMM>            qcor              0  -
 CHARMM>            wmin            1.5  -
 CHARMM>            inbfrq           -1  -
 CHARMM>            imgfrq           -1
 Parameter: GRID -> "12"
 Parameter: GRID -> "12"
 Parameter: GRID -> "12"

 SELECTED IMAGES ATOMS BEING CENTERED ABOUT  0.000000  0.000000  0.000000
 RESIDUE    1 OPERATED ON BY TRANSFORMATION C002
 RESIDUE    2 OPERATED ON BY TRANSFORMATION C002
 RESIDUE    4 OPERATED ON BY TRANSFORMATION C002

 <MKIMAT2>: updating the image atom lists and remapping
 Transformation   Atoms  Groups  Residues  Min-Distance
    1  C001 has      72       4       4        0.52
    2  C002 has      72       4       4        0.00
    3  C003 has      72       4       4        0.00
 Total of  288 atoms and   16 groups and   16 residues were included

 <PME> Total heap storage needed =        5627
 Fill Ewald table: Number of points=     10000 EWXmax=    4.715000
 fill erfc table: linear inter has rms error = 0.114425D-07 maximum error = 0.269224D-07
 fill erfc table: cubic spline has rms error = 0.467299D-11 maximum error = 0.148067D-10

 NONBOND OPTION FLAGS: 
     ELEC     VDW      ATOMs    CDIElec  SWITch   VATOm    VSWItch 
     BYCB     NOEXtnd  EWALd   
 CUTNB  = 14.000 CTEXNB =999.000 CTONNB = 10.000 CTOFNB = 11.000
 CGONNB =  0.000 CGOFNB = 10.000
 WMIN   =  1.500 WRNMXD =  0.500 E14FAC =  1.000 EPS    =  1.000
 NBXMOD =      5
 PME EWALD OPTIONS: KAPPA  =  0.410  QCOR =  0.000  Bspline order = 6
 FFTX=  12  FFTY=  12  FFTZ=  12
                Using FFTW
                Real-to-Complex FFT
                Using Column FFT 
 There are        0 atom  pairs and        0 atom  exclusions.
 There are        0 group pairs and        0 group exclusions.
 <MAKINB> with mode   5 found    394 exclusions and    152 interactions(1-4)
 <MAKGRP> found      0 group exclusions.
 <MAKGRP> found      0 image group exclusions.
 Generating nonbond list with Exclusion mode = 5
 Allocate space for   5000 Thole shielding pairs 
 == PRIMARY == SPACE FOR        0 ATOM PAIRS AND        0 GROUP PAIRS
 == IMAGES === SPACE FOR        0 ATOM PAIRS AND        0 GROUP PAIRS
  
 =========================================
              TRIAL run of list...........
 =========================================
Using Image CUBE search
Using Image CUBE search
  NBNDGCM found:
        1813  atom pairs
        5405  image atom pairs
           0  self atom pairs
        1813 total atom  pairs
        5405 total image pairs
Splitting recip cores into (y by z):   1 by    1
COLFFT thread division ntx,nty,ntz=  2  2  2
ENER ENR:  Eval#     ENERgy      Delta-E         GRMS
ENER INTERN:          BONDs       ANGLes       UREY-b    DIHEdrals    IMPRopers
ENER EXTERN:        VDWaals         ELEC       HBONds          ASP         USER
ENER IMAGES:        IMNBvdw       IMELec       IMHBnd       RXNField    EXTElec
ENER EWALD:          EWKSum       EWSElf       EWEXcl       EWQCor       EWUTil
 ----------       ---------    ---------    ---------    ---------    ---------
ENER>        0    675.97525      0.00000     35.68924
ENER INTERN>       28.80387    176.37012    573.81689      4.88690      0.18546
ENER EXTERN>       -0.44417     -7.32359      0.00000      0.00000      0.00000
ENER IMAGES>       10.57777     -1.01015      0.00000      0.00000      0.00000
ENER EWALD>        44.93469 -21192.00605  21037.18349      0.00000      0.00000
 ----------       ---------    ---------    ---------    ---------    ---------
  
 CHARMM>     
  
 CHARMM>    shake bonh param tol 1.0e-9 nofast -
 CHARMM>          select ( .not. type D* ) end -
 CHARMM>          select ( .not. type D* ) end
 SELRPN>     52 atoms have been selected out of     72
 SELRPN>     52 atoms have been selected out of     72
 SHKCOM> SHAKE parameters: TOL =   0.1000D-08 MXITer =    500

              22 constraints will held by SHAKE.
  
 CHARMM>     
  
 CHARMM>    open unit 10 write form name "./im1h_oac_1_im1_hoac_1.psf"
 VOPEN> Attempting to open::./im1h_oac_1_im1_hoac_1.psf::
 OPNLGU> Unit 10 opened for WRITE access to ./im1h_oac_1_im1_hoac_1.psf
  
 CHARMM>    write unit 10 psf xplor card
 RDTITL> CLOSE UNIT 10
 RDTITL> No title read.
  
 CHARMM>    close unit 10
 VCLOSE: Closing unit   10 with status "KEEP"
  
 CHARMM>     
  
 CHARMM>    !=======================================================================
 CHARMM>    ! Minimization
 CHARMM>    !=======================================================================
 CHARMM>    mini sd nstep 200

 SELECTED IMAGES ATOMS BEING CENTERED ABOUT  0.000000  0.000000  0.000000

 <MKIMAT2>: updating the image atom lists and remapping
 Transformation   Atoms  Groups  Residues  Min-Distance
    1  C001 has      72       4       4        0.52
    2  C002 has      72       4       4        0.00
    3  C003 has      72       4       4        0.00
 Total of  288 atoms and   16 groups and   16 residues were included

 <MAKGRP> found      0 image group exclusions.

 NONBOND OPTION FLAGS: 
     ELEC     VDW      ATOMs    CDIElec  SWITch   VATOm    VSWItch 
     BYCB     NOEXtnd  EWALd   
 CUTNB  = 14.000 CTEXNB =999.000 CTONNB = 10.000 CTOFNB = 11.000
 CGONNB =  0.000 CGOFNB = 10.000
 WMIN   =  1.500 WRNMXD =  0.500 E14FAC =  1.000 EPS    =  1.000
 NBXMOD =      5
 PME EWALD OPTIONS: KAPPA  =  0.410  QCOR =  0.000  Bspline order = 6
 FFTX=  12  FFTY=  12  FFTZ=  12
                Using FFTW
                Real-to-Complex FFT
                Using Column FFT 
 There are     1813 atom  pairs and      546 atom  exclusions.
 There are        0 group pairs and        0 group exclusions.
 Generating nonbond list with Exclusion mode = 5
 == PRIMARY == SPACE FOR     2356 ATOM PAIRS AND        0 GROUP PAIRS
 == IMAGES === SPACE FOR     7026 ATOM PAIRS AND        0 GROUP PAIRS
Using Image CUBE search
  NBNDGCM found:
        1813  atom pairs
        5405  image atom pairs
           0  self atom pairs
        1813 total atom  pairs
        5405 total image pairs


 STEEPD> An energy minimization has been requested.

 NSTEP  =          200   NPRINT =           10
 STEP   =    0.0200000   TOLFUN =    0.0000000
 TOLGRD =    0.0000000   TOLSTP =    0.0000000

MINI MIN: Cycle      ENERgy      Delta-E         GRMS    Step-size
MINI INTERN:          BONDs       ANGLes       UREY-b    DIHEdrals    IMPRopers
MINI EXTERN:        VDWaals         ELEC       HBONds          ASP         USER
MINI IMAGES:        IMNBvdw       IMELec       IMHBnd       RXNField    EXTElec
MINI EWALD:          EWKSum       EWSElf       EWEXcl       EWQCor       EWUTil
 ----------       ---------    ---------    ---------    ---------    ---------
MINI>        0    678.66249     -2.68724     27.21873      0.02000
MINI INTERN>       26.78045    178.68110    576.07478      4.88706      0.18635
MINI EXTERN>       -0.44726     -7.51785      0.00000      0.00000      0.00000
MINI IMAGES>       10.96402     -0.70789      0.00000      0.00000      0.00000
MINI EWALD>        44.36987 -21192.00605  21037.39790      0.00000      0.00000
 ----------       ---------    ---------    ---------    ---------    ---------
MINI>       10    649.26322     29.39927     12.25924      0.00373
MINI INTERN>       34.08122    171.75576    571.68955      4.91333      0.00219
MINI EXTERN>       -0.52206     -9.90385      0.00000      0.00000      0.00000
MINI IMAGES>        6.94357     -7.08452      0.00000      0.00000      0.00000
MINI EWALD>        36.23692 -21192.00605  21033.15715      0.00000      0.00000
 ----------       ---------    ---------    ---------    ---------    ---------
MINI>       20    643.10903      6.15419      7.38053      0.00167
MINI INTERN>       27.30697    169.81925    572.78214      5.09565      0.00749
MINI EXTERN>       -0.48134    -11.10862      0.00000      0.00000      0.00000
MINI IMAGES>        5.57541     -5.89716      0.00000      0.00000      0.00000
MINI EWALD>        37.56905 -21192.00605  21034.44625      0.00000      0.00000
 ----------       ---------    ---------    ---------    ---------    ---------
MINI>       30    640.44867      2.66036      6.06060      0.00180
MINI INTERN>       26.72498    168.76157    573.45778      5.30072      0.01321
MINI EXTERN>       -0.45927    -11.83573      0.00000      0.00000      0.00000
MINI IMAGES>        4.73371     -6.04351      0.00000      0.00000      0.00000
MINI EWALD>        37.47794 -21192.00605  21034.32332      0.00000      0.00000
 ----------       ---------    ---------    ---------    ---------    ---------
MINI>       40    638.12325      2.32542      1.83697      0.00080
MINI INTERN>       27.67336    168.24870    573.53571      5.47376      0.01855
MINI EXTERN>       -0.43697    -12.21721      0.00000      0.00000      0.00000
MINI IMAGES>        4.20448     -6.51508      0.00000      0.00000      0.00000
MINI EWALD>        36.46640 -21192.00605  21033.67760      0.00000      0.00000
 ----------       ---------    ---------    ---------    ---------    ---------
MINI>       50    636.66381      1.45943      1.69559      0.00087
MINI INTERN>       27.50680    167.85978    573.82055      5.65956      0.02130
MINI EXTERN>       -0.40368    -12.63793      0.00000      0.00000      0.00000
MINI IMAGES>        3.74114     -6.61825      0.00000      0.00000      0.00000
MINI EWALD>        36.21319 -21192.00605  21033.50739      0.00000      0.00000
 ----------       ---------    ---------    ---------    ---------    ---------
MINI>       60    635.37303      1.29078      1.99307      0.00093
MINI INTERN>       27.52971    167.56043    574.02637      5.84430      0.02384
MINI EXTERN>       -0.36649    -13.02180      0.00000      0.00000      0.00000
MINI IMAGES>        3.32463     -6.74579      0.00000      0.00000      0.00000
MINI EWALD>        35.88007 -21192.00605  21033.32380      0.00000      0.00000
 ----------       ---------    ---------    ---------    ---------    ---------
MINI>       70    634.47852      0.89451      3.83754      0.00100
MINI INTERN>       27.81405    167.38908    574.13219      5.99462      0.02616
MINI EXTERN>       -0.33323    -13.29377      0.00000      0.00000      0.00000
MINI IMAGES>        2.99839     -6.86237      0.00000      0.00000      0.00000
MINI EWALD>        35.50635 -21192.00605  21033.11310      0.00000      0.00000
 ----------       ---------    ---------    ---------    ---------    ---------
MINI>       80    633.49676      0.98176      1.29651      0.00045
MINI INTERN>       27.06297    167.17872    574.42414      6.14559      0.02705
MINI EXTERN>       -0.30044    -13.79136      0.00000      0.00000      0.00000
MINI IMAGES>        2.70900     -6.80899      0.00000      0.00000      0.00000
MINI EWALD>        35.65211 -21192.00605  21033.20402      0.00000      0.00000
 ----------       ---------    ---------    ---------    ---------    ---------
MINI>       90    632.72241      0.77436      1.43291      0.00048
MINI INTERN>       27.00635    167.05914    574.56314      6.27248      0.02879
MINI EXTERN>       -0.26930    -14.12156      0.00000      0.00000      0.00000
MINI IMAGES>        2.45143     -6.84292      0.00000      0.00000      0.00000
MINI EWALD>        35.46009 -21192.00605  21033.12081      0.00000      0.00000
 ----------       ---------    ---------    ---------    ---------    ---------
MINI>      100    632.08353      0.63887      1.15514      0.00052
MINI INTERN>       27.06450    166.99091    574.65061      6.36926      0.03050
MINI EXTERN>       -0.24400    -14.39127      0.00000      0.00000      0.00000
MINI IMAGES>        2.24740     -6.87802      0.00000      0.00000      0.00000
MINI EWALD>        35.22869 -21192.00605  21033.02100      0.00000      0.00000
 ----------       ---------    ---------    ---------    ---------    ---------
MINI>      110    631.44168      0.64185      1.03040      0.00056
MINI INTERN>       27.09038    166.93113    574.74877      6.46726      0.03218
MINI EXTERN>       -0.21739    -14.69312      0.00000      0.00000      0.00000
MINI IMAGES>        2.04180     -6.89477      0.00000      0.00000      0.00000
MINI EWALD>        35.01518 -21192.00605  21032.92630      0.00000      0.00000
 ----------       ---------    ---------    ---------    ---------    ---------
MINI>      120    630.79836      0.64332      2.18192      0.00060
MINI INTERN>       26.84769    166.83087    574.93635      6.58105      0.03355
MINI EXTERN>       -0.18499    -15.06336      0.00000      0.00000      0.00000
MINI IMAGES>        1.81502     -6.85690      0.00000      0.00000      0.00000
MINI EWALD>        34.92602 -21192.00605  21032.93911      0.00000      0.00000
 ----------       ---------    ---------    ---------    ---------    ---------
MINI>      130    630.26327      0.53509      2.46053      0.00064
MINI INTERN>       26.84874    166.78342    575.03459      6.66037      0.03499
MINI EXTERN>       -0.16170    -15.36685      0.00000      0.00000      0.00000
MINI IMAGES>        1.64511     -6.84209      0.00000      0.00000      0.00000
MINI EWALD>        34.75485 -21192.00605  21032.87788      0.00000      0.00000
 ----------       ---------    ---------    ---------    ---------    ---------
MINI>      140    629.75129      0.51199      3.02572      0.00069
MINI INTERN>       26.90451    166.74855    575.11836      6.73368      0.03631
MINI EXTERN>       -0.13853    -15.66557      0.00000      0.00000      0.00000
MINI IMAGES>        1.48498     -6.82735      0.00000      0.00000      0.00000
MINI EWALD>        34.55525 -21192.00605  21032.80715      0.00000      0.00000
 ----------       ---------    ---------    ---------    ---------    ---------
MINI>      150    629.25887      0.49242      3.46018      0.00074
MINI INTERN>       26.93674    166.69779    575.17084      6.80022      0.03720
MINI EXTERN>       -0.11283    -15.92140      0.00000      0.00000      0.00000
MINI IMAGES>        1.33800     -6.80937      0.00000      0.00000      0.00000
MINI EWALD>        34.34088 -21192.00605  21032.78685      0.00000      0.00000
 ----------       ---------    ---------    ---------    ---------    ---------
MINI>      160    628.75520      0.50367      3.04262      0.00080
MINI INTERN>       26.86426    166.65433    575.26169      6.86031      0.03812
MINI EXTERN>       -0.09073    -16.21737      0.00000      0.00000      0.00000
MINI IMAGES>        1.20589     -6.77874      0.00000      0.00000      0.00000
MINI EWALD>        34.18020 -21192.00605  21032.78330      0.00000      0.00000
 ----------       ---------    ---------    ---------    ---------    ---------
MINI>      170    628.31466      0.44054      3.78065      0.00086
MINI INTERN>       27.06305    166.63354    575.27565      6.91235      0.03891
MINI EXTERN>       -0.06831    -16.48273      0.00000      0.00000      0.00000
MINI IMAGES>        1.08497     -6.76633      0.00000      0.00000      0.00000
MINI EWALD>        33.93176 -21192.00605  21032.69783      0.00000      0.00000
 ----------       ---------    ---------    ---------    ---------    ---------
MINI>      180    627.68306      0.63160      1.11629      0.00038
MINI INTERN>       27.38623    166.70266    575.25768      6.95477      0.03981
MINI EXTERN>       -0.05064    -16.82488      0.00000      0.00000      0.00000
MINI IMAGES>        0.97974     -6.78803      0.00000      0.00000      0.00000
MINI EWALD>        33.58225 -21192.00605  21032.44953      0.00000      0.00000
 ----------       ---------    ---------    ---------    ---------    ---------
MINI>      190    627.30229      0.38077      3.66353      0.00099
MINI INTERN>       26.88979    166.53884    575.48715      7.03184      0.03988
MINI EXTERN>       -0.01629    -17.18431      0.00000      0.00000      0.00000
MINI IMAGES>        0.83731     -6.66234      0.00000      0.00000      0.00000
MINI EWALD>        33.63987 -21192.00605  21032.70658      0.00000      0.00000
 ----------       ---------    ---------    ---------    ---------    ---------
MINI>      200    626.68265      0.61965      0.97423      0.00044
MINI INTERN>       27.42274    166.64234    575.38544      7.06033      0.04045
MINI EXTERN>        0.00174    -17.50126      0.00000      0.00000      0.00000
MINI IMAGES>        0.75767     -6.71240      0.00000      0.00000      0.00000
MINI EWALD>        33.21185 -21192.00605  21032.37980      0.00000      0.00000
 ----------       ---------    ---------    ---------    ---------    ---------

 STEEPD> Minimization exiting with number of steps limit (       200) exceeded.

STPD MIN: Cycle      ENERgy      Delta-E         GRMS    Step-size
STPD INTERN:          BONDs       ANGLes       UREY-b    DIHEdrals    IMPRopers
STPD EXTERN:        VDWaals         ELEC       HBONds          ASP         USER
STPD IMAGES:        IMNBvdw       IMELec       IMHBnd       RXNField    EXTElec
STPD EWALD:          EWKSum       EWSElf       EWEXcl       EWQCor       EWUTil
 ----------       ---------    ---------    ---------    ---------    ---------
STPD>      200    626.68265      0.61965      0.97423      0.00053
STPD INTERN>       27.42274    166.64234    575.38544      7.06033      0.04045
STPD EXTERN>        0.00174    -17.50126      0.00000      0.00000      0.00000
STPD IMAGES>        0.75767     -6.71240      0.00000      0.00000      0.00000
STPD EWALD>        33.21185 -21192.00605  21032.37980      0.00000      0.00000
 ----------       ---------    ---------    ---------    ---------    ---------
  
 CHARMM>    !mini abnr nstep 3000
 CHARMM>     
  
 CHARMM>    open  unit 10 write form name "./im1h_oac_1_im1_hoac_1.crd"
 VOPEN> Attempting to open::./im1h_oac_1_im1_hoac_1.crd::
 OPNLGU> Unit 10 opened for WRITE access to ./im1h_oac_1_im1_hoac_1.crd
  
 CHARMM>    write unit 10 coor card
 RDTITL> CLOSE UNIT 10
 RDTITL> No title read.
 VCLOSE: Closing unit   10 with status "KEEP"
  
 CHARMM>    close unit 10
 CLOLGU>  *****  WARNING  ***** Attempt to close unit that was not open.
  
 CHARMM>     
  
 CHARMM>     
  
      $$$$$$  New timer profile Local node$$$$$
   Shake Setup                     0.01 Other:            0.00
   Shake time                      0.00 Other:            0.00
      xdistm setup                    0.00 Other:            0.00
      xdistm Build list               0.00 Other:            0.00
      Heuristic check                 0.00 Other:            0.00
   List time                       0.00 Other:            0.00
            Direct Ewald time               0.04 Other:            0.00
         Ewald time                      0.06 Other:            0.02
      Nonbond force                   0.07 Other:            0.01
         Bond energy                     0.00 Other:            0.00
         Angle energy                    0.00 Other:            0.00
         Dihedral energy                 0.00 Other:            0.00
         Restraints energy               0.00 Other:            0.00
      INTRNL energy                   0.00 Other:            0.00
      Comm energy                     0.00 Other:            0.00
      Comm force                      0.00 Other:            0.00
         Fill charge grid                0.01 Other:            0.00
         Scalar sum                      0.00 Other:            0.00
         Grad sum                        0.00 Other:            0.00
            FFTcomm                         0.00 Other:            0.00
         FFT                             0.01 Other:            0.00
      Recip Ewald time                0.02 Other:            0.00
   Energy time                     0.09 Other:            0.00
 Total time                      0.37 Other:            0.26
         $$$$$$  Average   profile $$$$$
   Shake Setup                     0.01 Other:            0.00
   Shake time                      0.00 Other:            0.00
      xdistm setup                    0.00 Other:            0.00
      xdistm Build list               0.00 Other:            0.00
      Heuristic check                 0.00 Other:            0.00
   List time                       0.00 Other:            0.00
            Direct Ewald time               0.04 Other:            0.00
         Ewald time                      0.06 Other:            0.02
      Nonbond force                   0.07 Other:            0.01
         Bond energy                     0.00 Other:            0.00
         Angle energy                    0.00 Other:            0.00
         Dihedral energy                 0.00 Other:            0.00
         Restraints energy               0.00 Other:            0.00
      INTRNL energy                   0.00 Other:            0.00
      Comm energy                     0.00 Other:            0.00
      Comm force                      0.00 Other:            0.00
         Fill charge grid                0.01 Other:            0.00
         Scalar sum                      0.00 Other:            0.00
         Grad sum                        0.00 Other:            0.00
            FFTcomm                         0.00 Other:            0.00
         FFT                             0.01 Other:            0.00
      Recip Ewald time                0.02 Other:            0.00
   Energy time                     0.09 Other:            0.00
 Total time                      0.37 Other:            0.26

                    NORMAL TERMINATION BY END OF FILE
                    MOST SEVERE WARNING WAS AT LEVEL  2

                    $$$$$ JOB ACCOUNTING INFORMATION $$$$$
                     ELAPSED TIME:     0.37  SECONDS 
                         CPU TIME:     0.98  SECONDS 
